2/21/2017 10:47:59 PM: MCI - Exception: System.NullReferenceException: Object reference not set to an instance of an object.
   at DRS_InSim.Form1.MultiCarInfo(InSim insim, IS_MCI mci) in c:\Apps\DRS Race Manager\DRS InSim\DRS InSim\DRS InSim\Form1.cs:line 624
2/22/2017 1:12:01 PM: MCI - Exception: System.NullReferenceException: Object reference not set to an instance of an object.
   at DRS_InSim.Form1.MultiCarInfo(InSim insim, IS_MCI mci) in c:\Apps\DRS Race Manager\DRS InSim\DRS InSim\DRS InSim\Form1.cs:line 624
2/22/2017 1:12:01 PM: MCI - Exception: System.NullReferenceException: Object reference not set to an instance of an object.
   at DRS_InSim.Form1.MultiCarInfo(InSim insim, IS_MCI mci) in c:\Apps\DRS Race Manager\DRS InSim\DRS InSim\DRS InSim\Form1.cs:line 624
2/22/2017 1:16:20 PM: MCI - Exception: System.NullReferenceException: Object reference not set to an instance of an object.
   at DRS_InSim.Form1.MultiCarInfo(InSim insim, IS_MCI mci) in c:\Apps\DRS Race Manager\DRS InSim\DRS InSim\DRS InSim\Form1.cs:line 624
2/22/2017 1:47:01 PM: CNL - Exception: System.Collections.Generic.KeyNotFoundException: The given key was not present in the dictionary.
   at System.Collections.Generic.Dictionary`2.get_Item(TKey key)
   at DRS_InSim.Form1.ConnectionLeave(InSim insim, IS_CNL CNL) in c:\Apps\DRS Race Manager\DRS InSim\DRS InSim\DRS InSim\Form1.cs:line 600
2/22/2017 1:47:01 PM: CNL - Exception: System.Collections.Generic.KeyNotFoundException: The given key was not present in the dictionary.
   at System.Collections.Generic.Dictionary`2.get_Item(TKey key)
   at DRS_InSim.Form1.ConnectionLeave(InSim insim, IS_CNL CNL) in c:\Apps\DRS Race Manager\DRS InSim\DRS InSim\DRS InSim\Form1.cs:line 600
2/22/2017 1:47:01 PM: CNL - Exception: System.Collections.Generic.KeyNotFoundException: The given key was not present in the dictionary.
   at System.Collections.Generic.Dictionary`2.get_Item(TKey key)
   at DRS_InSim.Form1.ConnectionLeave(InSim insim, IS_CNL CNL) in c:\Apps\DRS Race Manager\DRS InSim\DRS InSim\DRS InSim\Form1.cs:line 600
2/22/2017 1:47:01 PM: CNL - Exception: System.Collections.Generic.KeyNotFoundException: The given key was not present in the dictionary.
   at System.Collections.Generic.Dictionary`2.get_Item(TKey key)
   at DRS_InSim.Form1.ConnectionLeave(InSim insim, IS_CNL CNL) in c:\Apps\DRS Race Manager\DRS InSim\DRS InSim\DRS InSim\Form1.cs:line 600
2/22/2017 1:47:01 PM: CNL - Exception: System.Collections.Generic.KeyNotFoundException: The given key was not present in the dictionary.
   at System.Collections.Generic.Dictionary`2.get_Item(TKey key)
   at DRS_InSim.Form1.ConnectionLeave(InSim insim, IS_CNL CNL) in c:\Apps\DRS Race Manager\DRS InSim\DRS InSim\DRS InSim\Form1.cs:line 600
2/22/2017 1:47:01 PM: CNL - Exception: System.Collections.Generic.KeyNotFoundException: The given key was not present in the dictionary.
   at System.Collections.Generic.Dictionary`2.get_Item(TKey key)
   at DRS_InSim.Form1.ConnectionLeave(InSim insim, IS_CNL CNL) in c:\Apps\DRS Race Manager\DRS InSim\DRS InSim\DRS InSim\Form1.cs:line 600
2/22/2017 1:47:01 PM: CNL - Exception: System.Collections.Generic.KeyNotFoundException: The given key was not present in the dictionary.
   at System.Collections.Generic.Dictionary`2.get_Item(TKey key)
   at DRS_InSim.Form1.ConnectionLeave(InSim insim, IS_CNL CNL) in c:\Apps\DRS Race Manager\DRS InSim\DRS InSim\DRS InSim\Form1.cs:line 600
2/22/2017 1:47:01 PM: CNL - Exception: System.Collections.Generic.KeyNotFoundException: The given key was not present in the dictionary.
   at System.Collections.Generic.Dictionary`2.get_Item(TKey key)
   at DRS_InSim.Form1.ConnectionLeave(InSim insim, IS_CNL CNL) in c:\Apps\DRS Race Manager\DRS InSim\DRS InSim\DRS InSim\Form1.cs:line 600
2/22/2017 1:47:01 PM: CNL - Exception: System.Collections.Generic.KeyNotFoundException: The given key was not present in the dictionary.
   at System.Collections.Generic.Dictionary`2.get_Item(TKey key)
   at DRS_InSim.Form1.ConnectionLeave(InSim insim, IS_CNL CNL) in c:\Apps\DRS Race Manager\DRS InSim\DRS InSim\DRS InSim\Form1.cs:line 600
2/22/2017 1:47:01 PM: CNL - Exception: System.Collections.Generic.KeyNotFoundException: The given key was not present in the dictionary.
   at System.Collections.Generic.Dictionary`2.get_Item(TKey key)
   at DRS_InSim.Form1.ConnectionLeave(InSim insim, IS_CNL CNL) in c:\Apps\DRS Race Manager\DRS InSim\DRS InSim\DRS InSim\Form1.cs:line 600
2/22/2017 1:47:01 PM: CNL - Exception: System.Collections.Generic.KeyNotFoundException: The given key was not present in the dictionary.
   at System.Collections.Generic.Dictionary`2.get_Item(TKey key)
   at DRS_InSim.Form1.ConnectionLeave(InSim insim, IS_CNL CNL) in c:\Apps\DRS Race Manager\DRS InSim\DRS InSim\DRS InSim\Form1.cs:line 600
2/22/2017 1:48:22 PM: MCI - Exception: System.Collections.Generic.KeyNotFoundException: The given key was not present in the dictionary.
   at System.Collections.Generic.Dictionary`2.get_Item(TKey key)
   at DRS_InSim.Form1.GetConnection(Byte PLID) in c:\Apps\DRS Race Manager\DRS InSim\DRS InSim\DRS InSim\Form1.cs:line 272
   at DRS_InSim.Form1.MultiCarInfo(InSim insim, IS_MCI mci) in c:\Apps\DRS Race Manager\DRS InSim\DRS InSim\DRS InSim\Form1.cs:line 623
2/22/2017 1:48:22 PM: MCI - Exception: System.Collections.Generic.KeyNotFoundException: The given key was not present in the dictionary.
   at System.Collections.Generic.Dictionary`2.get_Item(TKey key)
   at DRS_InSim.Form1.GetConnection(Byte PLID) in c:\Apps\DRS Race Manager\DRS InSim\DRS InSim\DRS InSim\Form1.cs:line 272
   at DRS_InSim.Form1.MultiCarInfo(InSim insim, IS_MCI mci) in c:\Apps\DRS Race Manager\DRS InSim\DRS InSim\DRS InSim\Form1.cs:line 623
2/22/2017 1:48:23 PM: MCI - Exception: System.Collections.Generic.KeyNotFoundException: The given key was not present in the dictionary.
   at System.Collections.Generic.Dictionary`2.get_Item(TKey key)
   at DRS_InSim.Form1.GetConnection(Byte PLID) in c:\Apps\DRS Race Manager\DRS InSim\DRS InSim\DRS InSim\Form1.cs:line 272
   at DRS_InSim.Form1.MultiCarInfo(InSim insim, IS_MCI mci) in c:\Apps\DRS Race Manager\DRS InSim\DRS InSim\DRS InSim\Form1.cs:line 623
2/22/2017 1:48:23 PM: MCI - Exception: System.Collections.Generic.KeyNotFoundException: The given key was not present in the dictionary.
   at System.Collections.Generic.Dictionary`2.get_Item(TKey key)
   at DRS_InSim.Form1.GetConnection(Byte PLID) in c:\Apps\DRS Race Manager\DRS InSim\DRS InSim\DRS InSim\Form1.cs:line 272
   at DRS_InSim.Form1.MultiCarInfo(InSim insim, IS_MCI mci) in c:\Apps\DRS Race Manager\DRS InSim\DRS InSim\DRS InSim\Form1.cs:line 623
2/22/2017 1:48:24 PM: MCI - Exception: System.Collections.Generic.KeyNotFoundException: The given key was not present in the dictionary.
   at System.Collections.Generic.Dictionary`2.get_Item(TKey key)
   at DRS_InSim.Form1.GetConnection(Byte PLID) in c:\Apps\DRS Race Manager\DRS InSim\DRS InSim\DRS InSim\Form1.cs:line 272
   at DRS_InSim.Form1.MultiCarInfo(InSim insim, IS_MCI mci) in c:\Apps\DRS Race Manager\DRS InSim\DRS InSim\DRS InSim\Form1.cs:line 623
2/22/2017 1:48:24 PM: MCI - Exception: System.Collections.Generic.KeyNotFoundException: The given key was not present in the dictionary.
   at System.Collections.Generic.Dictionary`2.get_Item(TKey key)
   at DRS_InSim.Form1.GetConnection(Byte PLID) in c:\Apps\DRS Race Manager\DRS InSim\DRS InSim\DRS InSim\Form1.cs:line 272
   at DRS_InSim.Form1.MultiCarInfo(InSim insim, IS_MCI mci) in c:\Apps\DRS Race Manager\DRS InSim\DRS InSim\DRS InSim\Form1.cs:line 623
2/22/2017 2:34:16 PM: MCI - Exception: System.NullReferenceException: Object reference not set to an instance of an object.
   at DRS_InSim.Form1.MultiCarInfo(InSim insim, IS_MCI mci) in c:\Apps\DRS Race Manager\DRS InSim\DRS InSim\DRS InSim\Form1.cs:line 624
2/22/2017 2:34:20 PM: CNL - Exception: System.Collections.Generic.KeyNotFoundException: The given key was not present in the dictionary.
   at System.Collections.Generic.Dictionary`2.get_Item(TKey key)
   at DRS_InSim.Form1.ConnectionLeave(InSim insim, IS_CNL CNL) in c:\Apps\DRS Race Manager\DRS InSim\DRS InSim\DRS InSim\Form1.cs:line 600
2/22/2017 2:34:20 PM: CNL - Exception: System.Collections.Generic.KeyNotFoundException: The given key was not present in the dictionary.
   at System.Collections.Generic.Dictionary`2.get_Item(TKey key)
   at DRS_InSim.Form1.ConnectionLeave(InSim insim, IS_CNL CNL) in c:\Apps\DRS Race Manager\DRS InSim\DRS InSim\DRS InSim\Form1.cs:line 600
2/22/2017 2:34:20 PM: CNL - Exception: System.Collections.Generic.KeyNotFoundException: The given key was not present in the dictionary.
   at System.Collections.Generic.Dictionary`2.get_Item(TKey key)
   at DRS_InSim.Form1.ConnectionLeave(InSim insim, IS_CNL CNL) in c:\Apps\DRS Race Manager\DRS InSim\DRS InSim\DRS InSim\Form1.cs:line 600
2/22/2017 2:34:20 PM: CNL - Exception: System.Collections.Generic.KeyNotFoundException: The given key was not present in the dictionary.
   at System.Collections.Generic.Dictionary`2.get_Item(TKey key)
   at DRS_InSim.Form1.ConnectionLeave(InSim insim, IS_CNL CNL) in c:\Apps\DRS Race Manager\DRS InSim\DRS InSim\DRS InSim\Form1.cs:line 600
2/22/2017 2:34:20 PM: CNL - Exception: System.Collections.Generic.KeyNotFoundException: The given key was not present in the dictionary.
   at System.Collections.Generic.Dictionary`2.get_Item(TKey key)
   at DRS_InSim.Form1.ConnectionLeave(InSim insim, IS_CNL CNL) in c:\Apps\DRS Race Manager\DRS InSim\DRS InSim\DRS InSim\Form1.cs:line 600
2/22/2017 2:34:20 PM: CNL - Exception: System.Collections.Generic.KeyNotFoundException: The given key was not present in the dictionary.
   at System.Collections.Generic.Dictionary`2.get_Item(TKey key)
   at DRS_InSim.Form1.ConnectionLeave(InSim insim, IS_CNL CNL) in c:\Apps\DRS Race Manager\DRS InSim\DRS InSim\DRS InSim\Form1.cs:line 600
2/22/2017 2:34:20 PM: CNL - Exception: System.Collections.Generic.KeyNotFoundException: The given key was not present in the dictionary.
   at System.Collections.Generic.Dictionary`2.get_Item(TKey key)
   at DRS_InSim.Form1.ConnectionLeave(InSim insim, IS_CNL CNL) in c:\Apps\DRS Race Manager\DRS InSim\DRS InSim\DRS InSim\Form1.cs:line 600
2/22/2017 2:37:35 PM: MCI - Exception: System.NullReferenceException: Object reference not set to an instance of an object.
   at DRS_InSim.Form1.MultiCarInfo(InSim insim, IS_MCI mci) in c:\Apps\DRS Race Manager\DRS InSim\DRS InSim\DRS InSim\Form1.cs:line 624
2/22/2017 2:38:10 PM: MCI - Exception: System.NullReferenceException: Object reference not set to an instance of an object.
   at DRS_InSim.Form1.MultiCarInfo(InSim insim, IS_MCI mci) in c:\Apps\DRS Race Manager\DRS InSim\DRS InSim\DRS InSim\Form1.cs:line 624
2/22/2017 2:38:11 PM: MCI - Exception: System.NullReferenceException: Object reference not set to an instance of an object.
   at DRS_InSim.Form1.MultiCarInfo(InSim insim, IS_MCI mci) in c:\Apps\DRS Race Manager\DRS InSim\DRS InSim\DRS InSim\Form1.cs:line 624
2/22/2017 2:40:04 PM: MCI - Exception: System.NullReferenceException: Object reference not set to an instance of an object.
   at DRS_InSim.Form1.MultiCarInfo(InSim insim, IS_MCI mci) in c:\Apps\DRS Race Manager\DRS InSim\DRS InSim\DRS InSim\Form1.cs:line 624
2/22/2017 2:40:05 PM: MCI - Exception: System.NullReferenceException: Object reference not set to an instance of an object.
   at DRS_InSim.Form1.MultiCarInfo(InSim insim, IS_MCI mci) in c:\Apps\DRS Race Manager\DRS InSim\DRS InSim\DRS InSim\Form1.cs:line 624
2/22/2017 2:40:05 PM: MCI - Exception: System.Collections.Generic.KeyNotFoundException: The given key was not present in the dictionary.
   at System.Collections.Generic.Dictionary`2.get_Item(TKey key)
   at DRS_InSim.Form1.GetConnection(Byte PLID) in c:\Apps\DRS Race Manager\DRS InSim\DRS InSim\DRS InSim\Form1.cs:line 272
   at DRS_InSim.Form1.MultiCarInfo(InSim insim, IS_MCI mci) in c:\Apps\DRS Race Manager\DRS InSim\DRS InSim\DRS InSim\Form1.cs:line 623
2/22/2017 2:40:05 PM: MCI - Exception: System.Collections.Generic.KeyNotFoundException: The given key was not present in the dictionary.
   at System.Collections.Generic.Dictionary`2.get_Item(TKey key)
   at DRS_InSim.Form1.GetConnection(Byte PLID) in c:\Apps\DRS Race Manager\DRS InSim\DRS InSim\DRS InSim\Form1.cs:line 272
   at DRS_InSim.Form1.MultiCarInfo(InSim insim, IS_MCI mci) in c:\Apps\DRS Race Manager\DRS InSim\DRS InSim\DRS InSim\Form1.cs:line 623
2/22/2017 2:40:06 PM: MCI - Exception: System.Collections.Generic.KeyNotFoundException: The given key was not present in the dictionary.
   at System.Collections.Generic.Dictionary`2.get_Item(TKey key)
   at DRS_InSim.Form1.GetConnection(Byte PLID) in c:\Apps\DRS Race Manager\DRS InSim\DRS InSim\DRS InSim\Form1.cs:line 272
   at DRS_InSim.Form1.MultiCarInfo(InSim insim, IS_MCI mci) in c:\Apps\DRS Race Manager\DRS InSim\DRS InSim\DRS InSim\Form1.cs:line 623
2/22/2017 2:40:06 PM: MCI - Exception: System.Collections.Generic.KeyNotFoundException: The given key was not present in the dictionary.
   at System.Collections.Generic.Dictionary`2.get_Item(TKey key)
   at DRS_InSim.Form1.GetConnection(Byte PLID) in c:\Apps\DRS Race Manager\DRS InSim\DRS InSim\DRS InSim\Form1.cs:line 272
   at DRS_InSim.Form1.MultiCarInfo(InSim insim, IS_MCI mci) in c:\Apps\DRS Race Manager\DRS InSim\DRS InSim\DRS InSim\Form1.cs:line 623
2/22/2017 2:40:07 PM: MCI - Exception: System.Collections.Generic.KeyNotFoundException: The given key was not present in the dictionary.
   at System.Collections.Generic.Dictionary`2.get_Item(TKey key)
   at DRS_InSim.Form1.GetConnection(Byte PLID) in c:\Apps\DRS Race Manager\DRS InSim\DRS InSim\DRS InSim\Form1.cs:line 272
   at DRS_InSim.Form1.MultiCarInfo(InSim insim, IS_MCI mci) in c:\Apps\DRS Race Manager\DRS InSim\DRS InSim\DRS InSim\Form1.cs:line 623
2/22/2017 2:40:07 PM: MCI - Exception: System.Collections.Generic.KeyNotFoundException: The given key was not present in the dictionary.
   at System.Collections.Generic.Dictionary`2.get_Item(TKey key)
   at DRS_InSim.Form1.GetConnection(Byte PLID) in c:\Apps\DRS Race Manager\DRS InSim\DRS InSim\DRS InSim\Form1.cs:line 272
   at DRS_InSim.Form1.MultiCarInfo(InSim insim, IS_MCI mci) in c:\Apps\DRS Race Manager\DRS InSim\DRS InSim\DRS InSim\Form1.cs:line 623
2/22/2017 2:40:08 PM: MCI - Exception: System.Collections.Generic.KeyNotFoundException: The given key was not present in the dictionary.
   at System.Collections.Generic.Dictionary`2.get_Item(TKey key)
   at DRS_InSim.Form1.GetConnection(Byte PLID) in c:\Apps\DRS Race Manager\DRS InSim\DRS InSim\DRS InSim\Form1.cs:line 272
   at DRS_InSim.Form1.MultiCarInfo(InSim insim, IS_MCI mci) in c:\Apps\DRS Race Manager\DRS InSim\DRS InSim\DRS InSim\Form1.cs:line 623
2/22/2017 2:40:08 PM: MCI - Exception: System.Collections.Generic.KeyNotFoundException: The given key was not present in the dictionary.
   at System.Collections.Generic.Dictionary`2.get_Item(TKey key)
   at DRS_InSim.Form1.GetConnection(Byte PLID) in c:\Apps\DRS Race Manager\DRS InSim\DRS InSim\DRS InSim\Form1.cs:line 272
   at DRS_InSim.Form1.MultiCarInfo(InSim insim, IS_MCI mci) in c:\Apps\DRS Race Manager\DRS InSim\DRS InSim\DRS InSim\Form1.cs:line 623
2/22/2017 2:40:09 PM: MCI - Exception: System.Collections.Generic.KeyNotFoundException: The given key was not present in the dictionary.
   at System.Collections.Generic.Dictionary`2.get_Item(TKey key)
   at DRS_InSim.Form1.GetConnection(Byte PLID) in c:\Apps\DRS Race Manager\DRS InSim\DRS InSim\DRS InSim\Form1.cs:line 272
   at DRS_InSim.Form1.MultiCarInfo(InSim insim, IS_MCI mci) in c:\Apps\DRS Race Manager\DRS InSim\DRS InSim\DRS InSim\Form1.cs:line 623
2/22/2017 2:40:09 PM: MCI - Exception: System.Collections.Generic.KeyNotFoundException: The given key was not present in the dictionary.
   at System.Collections.Generic.Dictionary`2.get_Item(TKey key)
   at DRS_InSim.Form1.GetConnection(Byte PLID) in c:\Apps\DRS Race Manager\DRS InSim\DRS InSim\DRS InSim\Form1.cs:line 272
   at DRS_InSim.Form1.MultiCarInfo(InSim insim, IS_MCI mci) in c:\Apps\DRS Race Manager\DRS InSim\DRS InSim\DRS InSim\Form1.cs:line 623
2/22/2017 2:40:10 PM: MCI - Exception: System.Collections.Generic.KeyNotFoundException: The given key was not present in the dictionary.
   at System.Collections.Generic.Dictionary`2.get_Item(TKey key)
   at DRS_InSim.Form1.GetConnection(Byte PLID) in c:\Apps\DRS Race Manager\DRS InSim\DRS InSim\DRS InSim\Form1.cs:line 272
   at DRS_InSim.Form1.MultiCarInfo(InSim insim, IS_MCI mci) in c:\Apps\DRS Race Manager\DRS InSim\DRS InSim\DRS InSim\Form1.cs:line 623
2/22/2017 2:40:11 PM: MCI - Exception: System.Collections.Generic.KeyNotFoundException: The given key was not present in the dictionary.
   at System.Collections.Generic.Dictionary`2.get_Item(TKey key)
   at DRS_InSim.Form1.GetConnection(Byte PLID) in c:\Apps\DRS Race Manager\DRS InSim\DRS InSim\DRS InSim\Form1.cs:line 272
   at DRS_InSim.Form1.MultiCarInfo(InSim insim, IS_MCI mci) in c:\Apps\DRS Race Manager\DRS InSim\DRS InSim\DRS InSim\Form1.cs:line 623
2/22/2017 2:40:11 PM: MCI - Exception: System.Collections.Generic.KeyNotFoundException: The given key was not present in the dictionary.
   at System.Collections.Generic.Dictionary`2.get_Item(TKey key)
   at DRS_InSim.Form1.GetConnection(Byte PLID) in c:\Apps\DRS Race Manager\DRS InSim\DRS InSim\DRS InSim\Form1.cs:line 272
   at DRS_InSim.Form1.MultiCarInfo(InSim insim, IS_MCI mci) in c:\Apps\DRS Race Manager\DRS InSim\DRS InSim\DRS InSim\Form1.cs:line 623
2/22/2017 2:40:12 PM: MCI - Exception: System.Collections.Generic.KeyNotFoundException: The given key was not present in the dictionary.
   at System.Collections.Generic.Dictionary`2.get_Item(TKey key)
   at DRS_InSim.Form1.GetConnection(Byte PLID) in c:\Apps\DRS Race Manager\DRS InSim\DRS InSim\DRS InSim\Form1.cs:line 272
   at DRS_InSim.Form1.MultiCarInfo(InSim insim, IS_MCI mci) in c:\Apps\DRS Race Manager\DRS InSim\DRS InSim\DRS InSim\Form1.cs:line 623
2/22/2017 2:40:12 PM: MCI - Exception: System.Collections.Generic.KeyNotFoundException: The given key was not present in the dictionary.
   at System.Collections.Generic.Dictionary`2.get_Item(TKey key)
   at DRS_InSim.Form1.GetConnection(Byte PLID) in c:\Apps\DRS Race Manager\DRS InSim\DRS InSim\DRS InSim\Form1.cs:line 272
   at DRS_InSim.Form1.MultiCarInfo(InSim insim, IS_MCI mci) in c:\Apps\DRS Race Manager\DRS InSim\DRS InSim\DRS InSim\Form1.cs:line 623
2/22/2017 2:40:13 PM: MCI - Exception: System.Collections.Generic.KeyNotFoundException: The given key was not present in the dictionary.
   at System.Collections.Generic.Dictionary`2.get_Item(TKey key)
   at DRS_InSim.Form1.GetConnection(Byte PLID) in c:\Apps\DRS Race Manager\DRS InSim\DRS InSim\DRS InSim\Form1.cs:line 272
   at DRS_InSim.Form1.MultiCarInfo(InSim insim, IS_MCI mci) in c:\Apps\DRS Race Manager\DRS InSim\DRS InSim\DRS InSim\Form1.cs:line 623
2/22/2017 2:40:13 PM: MCI - Exception: System.Collections.Generic.KeyNotFoundException: The given key was not present in the dictionary.
   at System.Collections.Generic.Dictionary`2.get_Item(TKey key)
   at DRS_InSim.Form1.GetConnection(Byte PLID) in c:\Apps\DRS Race Manager\DRS InSim\DRS InSim\DRS InSim\Form1.cs:line 272
   at DRS_InSim.Form1.MultiCarInfo(InSim insim, IS_MCI mci) in c:\Apps\DRS Race Manager\DRS InSim\DRS InSim\DRS InSim\Form1.cs:line 623
2/22/2017 2:40:14 PM: MCI - Exception: System.Collections.Generic.KeyNotFoundException: The given key was not present in the dictionary.
   at System.Collections.Generic.Dictionary`2.get_Item(TKey key)
   at DRS_InSim.Form1.GetConnection(Byte PLID) in c:\Apps\DRS Race Manager\DRS InSim\DRS InSim\DRS InSim\Form1.cs:line 272
   at DRS_InSim.Form1.MultiCarInfo(InSim insim, IS_MCI mci) in c:\Apps\DRS Race Manager\DRS InSim\DRS InSim\DRS InSim\Form1.cs:line 623
2/22/2017 2:40:14 PM: MCI - Exception: System.Collections.Generic.KeyNotFoundException: The given key was not present in the dictionary.
   at System.Collections.Generic.Dictionary`2.get_Item(TKey key)
   at DRS_InSim.Form1.GetConnection(Byte PLID) in c:\Apps\DRS Race Manager\DRS InSim\DRS InSim\DRS InSim\Form1.cs:line 272
   at DRS_InSim.Form1.MultiCarInfo(InSim insim, IS_MCI mci) in c:\Apps\DRS Race Manager\DRS InSim\DRS InSim\DRS InSim\Form1.cs:line 623
2/22/2017 2:40:15 PM: MCI - Exception: System.Collections.Generic.KeyNotFoundException: The given key was not present in the dictionary.
   at System.Collections.Generic.Dictionary`2.get_Item(TKey key)
   at DRS_InSim.Form1.GetConnection(Byte PLID) in c:\Apps\DRS Race Manager\DRS InSim\DRS InSim\DRS InSim\Form1.cs:line 272
   at DRS_InSim.Form1.MultiCarInfo(InSim insim, IS_MCI mci) in c:\Apps\DRS Race Manager\DRS InSim\DRS InSim\DRS InSim\Form1.cs:line 623
2/22/2017 2:40:15 PM: MCI - Exception: System.Collections.Generic.KeyNotFoundException: The given key was not present in the dictionary.
   at System.Collections.Generic.Dictionary`2.get_Item(TKey key)
   at DRS_InSim.Form1.GetConnection(Byte PLID) in c:\Apps\DRS Race Manager\DRS InSim\DRS InSim\DRS InSim\Form1.cs:line 272
   at DRS_InSim.Form1.MultiCarInfo(InSim insim, IS_MCI mci) in c:\Apps\DRS Race Manager\DRS InSim\DRS InSim\DRS InSim\Form1.cs:line 623
2/22/2017 2:40:16 PM: MCI - Exception: System.Collections.Generic.KeyNotFoundException: The given key was not present in the dictionary.
   at System.Collections.Generic.Dictionary`2.get_Item(TKey key)
   at DRS_InSim.Form1.GetConnection(Byte PLID) in c:\Apps\DRS Race Manager\DRS InSim\DRS InSim\DRS InSim\Form1.cs:line 272
   at DRS_InSim.Form1.MultiCarInfo(InSim insim, IS_MCI mci) in c:\Apps\DRS Race Manager\DRS InSim\DRS InSim\DRS InSim\Form1.cs:line 623
2/22/2017 2:40:16 PM: MCI - Exception: System.Collections.Generic.KeyNotFoundException: The given key was not present in the dictionary.
   at System.Collections.Generic.Dictionary`2.get_Item(TKey key)
   at DRS_InSim.Form1.GetConnection(Byte PLID) in c:\Apps\DRS Race Manager\DRS InSim\DRS InSim\DRS InSim\Form1.cs:line 272
   at DRS_InSim.Form1.MultiCarInfo(InSim insim, IS_MCI mci) in c:\Apps\DRS Race Manager\DRS InSim\DRS InSim\DRS InSim\Form1.cs:line 623
2/22/2017 2:40:17 PM: MCI - Exception: System.Collections.Generic.KeyNotFoundException: The given key was not present in the dictionary.
   at System.Collections.Generic.Dictionary`2.get_Item(TKey key)
   at DRS_InSim.Form1.GetConnection(Byte PLID) in c:\Apps\DRS Race Manager\DRS InSim\DRS InSim\DRS InSim\Form1.cs:line 272
   at DRS_InSim.Form1.MultiCarInfo(InSim insim, IS_MCI mci) in c:\Apps\DRS Race Manager\DRS InSim\DRS InSim\DRS InSim\Form1.cs:line 623
2/22/2017 2:40:17 PM: MCI - Exception: System.Collections.Generic.KeyNotFoundException: The given key was not present in the dictionary.
   at System.Collections.Generic.Dictionary`2.get_Item(TKey key)
   at DRS_InSim.Form1.GetConnection(Byte PLID) in c:\Apps\DRS Race Manager\DRS InSim\DRS InSim\DRS InSim\Form1.cs:line 272
   at DRS_InSim.Form1.MultiCarInfo(InSim insim, IS_MCI mci) in c:\Apps\DRS Race Manager\DRS InSim\DRS InSim\DRS InSim\Form1.cs:line 623
2/22/2017 2:40:18 PM: MCI - Exception: System.Collections.Generic.KeyNotFoundException: The given key was not present in the dictionary.
   at System.Collections.Generic.Dictionary`2.get_Item(TKey key)
   at DRS_InSim.Form1.GetConnection(Byte PLID) in c:\Apps\DRS Race Manager\DRS InSim\DRS InSim\DRS InSim\Form1.cs:line 272
   at DRS_InSim.Form1.MultiCarInfo(InSim insim, IS_MCI mci) in c:\Apps\DRS Race Manager\DRS InSim\DRS InSim\DRS InSim\Form1.cs:line 623
2/22/2017 2:40:18 PM: MCI - Exception: System.Collections.Generic.KeyNotFoundException: The given key was not present in the dictionary.
   at System.Collections.Generic.Dictionary`2.get_Item(TKey key)
   at DRS_InSim.Form1.GetConnection(Byte PLID) in c:\Apps\DRS Race Manager\DRS InSim\DRS InSim\DRS InSim\Form1.cs:line 272
   at DRS_InSim.Form1.MultiCarInfo(InSim insim, IS_MCI mci) in c:\Apps\DRS Race Manager\DRS InSim\DRS InSim\DRS InSim\Form1.cs:line 623
2/22/2017 2:40:19 PM: MCI - Exception: System.Collections.Generic.KeyNotFoundException: The given key was not present in the dictionary.
   at System.Collections.Generic.Dictionary`2.get_Item(TKey key)
   at DRS_InSim.Form1.GetConnection(Byte PLID) in c:\Apps\DRS Race Manager\DRS InSim\DRS InSim\DRS InSim\Form1.cs:line 272
   at DRS_InSim.Form1.MultiCarInfo(InSim insim, IS_MCI mci) in c:\Apps\DRS Race Manager\DRS InSim\DRS InSim\DRS InSim\Form1.cs:line 623
2/22/2017 2:40:19 PM: MCI - Exception: System.Collections.Generic.KeyNotFoundException: The given key was not present in the dictionary.
   at System.Collections.Generic.Dictionary`2.get_Item(TKey key)
   at DRS_InSim.Form1.GetConnection(Byte PLID) in c:\Apps\DRS Race Manager\DRS InSim\DRS InSim\DRS InSim\Form1.cs:line 272
   at DRS_InSim.Form1.MultiCarInfo(InSim insim, IS_MCI mci) in c:\Apps\DRS Race Manager\DRS InSim\DRS InSim\DRS InSim\Form1.cs:line 623
2/22/2017 2:40:20 PM: MCI - Exception: System.Collections.Generic.KeyNotFoundException: The given key was not present in the dictionary.
   at System.Collections.Generic.Dictionary`2.get_Item(TKey key)
   at DRS_InSim.Form1.GetConnection(Byte PLID) in c:\Apps\DRS Race Manager\DRS InSim\DRS InSim\DRS InSim\Form1.cs:line 272
   at DRS_InSim.Form1.MultiCarInfo(InSim insim, IS_MCI mci) in c:\Apps\DRS Race Manager\DRS InSim\DRS InSim\DRS InSim\Form1.cs:line 623
2/22/2017 2:40:20 PM: MCI - Exception: System.Collections.Generic.KeyNotFoundException: The given key was not present in the dictionary.
   at System.Collections.Generic.Dictionary`2.get_Item(TKey key)
   at DRS_InSim.Form1.GetConnection(Byte PLID) in c:\Apps\DRS Race Manager\DRS InSim\DRS InSim\DRS InSim\Form1.cs:line 272
   at DRS_InSim.Form1.MultiCarInfo(InSim insim, IS_MCI mci) in c:\Apps\DRS Race Manager\DRS InSim\DRS InSim\DRS InSim\Form1.cs:line 623
2/22/2017 2:40:21 PM: MCI - Exception: System.Collections.Generic.KeyNotFoundException: The given key was not present in the dictionary.
   at System.Collections.Generic.Dictionary`2.get_Item(TKey key)
   at DRS_InSim.Form1.GetConnection(Byte PLID) in c:\Apps\DRS Race Manager\DRS InSim\DRS InSim\DRS InSim\Form1.cs:line 272
   at DRS_InSim.Form1.MultiCarInfo(InSim insim, IS_MCI mci) in c:\Apps\DRS Race Manager\DRS InSim\DRS InSim\DRS InSim\Form1.cs:line 623
2/22/2017 2:40:21 PM: MCI - Exception: System.Collections.Generic.KeyNotFoundException: The given key was not present in the dictionary.
   at System.Collections.Generic.Dictionary`2.get_Item(TKey key)
   at DRS_InSim.Form1.GetConnection(Byte PLID) in c:\Apps\DRS Race Manager\DRS InSim\DRS InSim\DRS InSim\Form1.cs:line 272
   at DRS_InSim.Form1.MultiCarInfo(InSim insim, IS_MCI mci) in c:\Apps\DRS Race Manager\DRS InSim\DRS InSim\DRS InSim\Form1.cs:line 623
2/22/2017 2:40:22 PM: MCI - Exception: System.Collections.Generic.KeyNotFoundException: The given key was not present in the dictionary.
   at System.Collections.Generic.Dictionary`2.get_Item(TKey key)
   at DRS_InSim.Form1.GetConnection(Byte PLID) in c:\Apps\DRS Race Manager\DRS InSim\DRS InSim\DRS InSim\Form1.cs:line 272
   at DRS_InSim.Form1.MultiCarInfo(InSim insim, IS_MCI mci) in c:\Apps\DRS Race Manager\DRS InSim\DRS InSim\DRS InSim\Form1.cs:line 623
2/22/2017 2:40:22 PM: MCI - Exception: System.Collections.Generic.KeyNotFoundException: The given key was not present in the dictionary.
   at System.Collections.Generic.Dictionary`2.get_Item(TKey key)
   at DRS_InSim.Form1.GetConnection(Byte PLID) in c:\Apps\DRS Race Manager\DRS InSim\DRS InSim\DRS InSim\Form1.cs:line 272
   at DRS_InSim.Form1.MultiCarInfo(InSim insim, IS_MCI mci) in c:\Apps\DRS Race Manager\DRS InSim\DRS InSim\DRS InSim\Form1.cs:line 623
2/22/2017 2:40:23 PM: MCI - Exception: System.Collections.Generic.KeyNotFoundException: The given key was not present in the dictionary.
   at System.Collections.Generic.Dictionary`2.get_Item(TKey key)
   at DRS_InSim.Form1.GetConnection(Byte PLID) in c:\Apps\DRS Race Manager\DRS InSim\DRS InSim\DRS InSim\Form1.cs:line 272
   at DRS_InSim.Form1.MultiCarInfo(InSim insim, IS_MCI mci) in c:\Apps\DRS Race Manager\DRS InSim\DRS InSim\DRS InSim\Form1.cs:line 623
2/22/2017 2:40:23 PM: MCI - Exception: System.Collections.Generic.KeyNotFoundException: The given key was not present in the dictionary.
   at System.Collections.Generic.Dictionary`2.get_Item(TKey key)
   at DRS_InSim.Form1.GetConnection(Byte PLID) in c:\Apps\DRS Race Manager\DRS InSim\DRS InSim\DRS InSim\Form1.cs:line 272
   at DRS_InSim.Form1.MultiCarInfo(InSim insim, IS_MCI mci) in c:\Apps\DRS Race Manager\DRS InSim\DRS InSim\DRS InSim\Form1.cs:line 623
2/22/2017 2:40:24 PM: MCI - Exception: System.Collections.Generic.KeyNotFoundException: The given key was not present in the dictionary.
   at System.Collections.Generic.Dictionary`2.get_Item(TKey key)
   at DRS_InSim.Form1.GetConnection(Byte PLID) in c:\Apps\DRS Race Manager\DRS InSim\DRS InSim\DRS InSim\Form1.cs:line 272
   at DRS_InSim.Form1.MultiCarInfo(InSim insim, IS_MCI mci) in c:\Apps\DRS Race Manager\DRS InSim\DRS InSim\DRS InSim\Form1.cs:line 623
2/22/2017 2:40:24 PM: MCI - Exception: System.Collections.Generic.KeyNotFoundException: The given key was not present in the dictionary.
   at System.Collections.Generic.Dictionary`2.get_Item(TKey key)
   at DRS_InSim.Form1.GetConnection(Byte PLID) in c:\Apps\DRS Race Manager\DRS InSim\DRS InSim\DRS InSim\Form1.cs:line 272
   at DRS_InSim.Form1.MultiCarInfo(InSim insim, IS_MCI mci) in c:\Apps\DRS Race Manager\DRS InSim\DRS InSim\DRS InSim\Form1.cs:line 623
2/22/2017 2:40:25 PM: MCI - Exception: System.Collections.Generic.KeyNotFoundException: The given key was not present in the dictionary.
   at System.Collections.Generic.Dictionary`2.get_Item(TKey key)
   at DRS_InSim.Form1.GetConnection(Byte PLID) in c:\Apps\DRS Race Manager\DRS InSim\DRS InSim\DRS InSim\Form1.cs:line 272
   at DRS_InSim.Form1.MultiCarInfo(InSim insim, IS_MCI mci) in c:\Apps\DRS Race Manager\DRS InSim\DRS InSim\DRS InSim\Form1.cs:line 623
2/22/2017 2:40:25 PM: MCI - Exception: System.Collections.Generic.KeyNotFoundException: The given key was not present in the dictionary.
   at System.Collections.Generic.Dictionary`2.get_Item(TKey key)
   at DRS_InSim.Form1.GetConnection(Byte PLID) in c:\Apps\DRS Race Manager\DRS InSim\DRS InSim\DRS InSim\Form1.cs:line 272
   at DRS_InSim.Form1.MultiCarInfo(InSim insim, IS_MCI mci) in c:\Apps\DRS Race Manager\DRS InSim\DRS InSim\DRS InSim\Form1.cs:line 623
2/22/2017 2:40:26 PM: MCI - Exception: System.Collections.Generic.KeyNotFoundException: The given key was not present in the dictionary.
   at System.Collections.Generic.Dictionary`2.get_Item(TKey key)
   at DRS_InSim.Form1.GetConnection(Byte PLID) in c:\Apps\DRS Race Manager\DRS InSim\DRS InSim\DRS InSim\Form1.cs:line 272
   at DRS_InSim.Form1.MultiCarInfo(InSim insim, IS_MCI mci) in c:\Apps\DRS Race Manager\DRS InSim\DRS InSim\DRS InSim\Form1.cs:line 623
2/22/2017 2:40:26 PM: MCI - Exception: System.Collections.Generic.KeyNotFoundException: The given key was not present in the dictionary.
   at System.Collections.Generic.Dictionary`2.get_Item(TKey key)
   at DRS_InSim.Form1.GetConnection(Byte PLID) in c:\Apps\DRS Race Manager\DRS InSim\DRS InSim\DRS InSim\Form1.cs:line 272
   at DRS_InSim.Form1.MultiCarInfo(InSim insim, IS_MCI mci) in c:\Apps\DRS Race Manager\DRS InSim\DRS InSim\DRS InSim\Form1.cs:line 623
2/22/2017 2:40:27 PM: MCI - Exception: System.Collections.Generic.KeyNotFoundException: The given key was not present in the dictionary.
   at System.Collections.Generic.Dictionary`2.get_Item(TKey key)
   at DRS_InSim.Form1.GetConnection(Byte PLID) in c:\Apps\DRS Race Manager\DRS InSim\DRS InSim\DRS InSim\Form1.cs:line 272
   at DRS_InSim.Form1.MultiCarInfo(InSim insim, IS_MCI mci) in c:\Apps\DRS Race Manager\DRS InSim\DRS InSim\DRS InSim\Form1.cs:line 623
2/22/2017 2:40:27 PM: MCI - Exception: System.Collections.Generic.KeyNotFoundException: The given key was not present in the dictionary.
   at System.Collections.Generic.Dictionary`2.get_Item(TKey key)
   at DRS_InSim.Form1.GetConnection(Byte PLID) in c:\Apps\DRS Race Manager\DRS InSim\DRS InSim\DRS InSim\Form1.cs:line 272
   at DRS_InSim.Form1.MultiCarInfo(InSim insim, IS_MCI mci) in c:\Apps\DRS Race Manager\DRS InSim\DRS InSim\DRS InSim\Form1.cs:line 623
2/22/2017 2:40:28 PM: MCI - Exception: System.Collections.Generic.KeyNotFoundException: The given key was not present in the dictionary.
   at System.Collections.Generic.Dictionary`2.get_Item(TKey key)
   at DRS_InSim.Form1.GetConnection(Byte PLID) in c:\Apps\DRS Race Manager\DRS InSim\DRS InSim\DRS InSim\Form1.cs:line 272
   at DRS_InSim.Form1.MultiCarInfo(InSim insim, IS_MCI mci) in c:\Apps\DRS Race Manager\DRS InSim\DRS InSim\DRS InSim\Form1.cs:line 623
2/22/2017 2:40:29 PM: MCI - Exception: System.Collections.Generic.KeyNotFoundException: The given key was not present in the dictionary.
   at System.Collections.Generic.Dictionary`2.get_Item(TKey key)
   at DRS_InSim.Form1.GetConnection(Byte PLID) in c:\Apps\DRS Race Manager\DRS InSim\DRS InSim\DRS InSim\Form1.cs:line 272
   at DRS_InSim.Form1.MultiCarInfo(InSim insim, IS_MCI mci) in c:\Apps\DRS Race Manager\DRS InSim\DRS InSim\DRS InSim\Form1.cs:line 623
2/22/2017 2:40:29 PM: MCI - Exception: System.Collections.Generic.KeyNotFoundException: The given key was not present in the dictionary.
   at System.Collections.Generic.Dictionary`2.get_Item(TKey key)
   at DRS_InSim.Form1.GetConnection(Byte PLID) in c:\Apps\DRS Race Manager\DRS InSim\DRS InSim\DRS InSim\Form1.cs:line 272
   at DRS_InSim.Form1.MultiCarInfo(InSim insim, IS_MCI mci) in c:\Apps\DRS Race Manager\DRS InSim\DRS InSim\DRS InSim\Form1.cs:line 623
2/22/2017 2:40:30 PM: MCI - Exception: System.Collections.Generic.KeyNotFoundException: The given key was not present in the dictionary.
   at System.Collections.Generic.Dictionary`2.get_Item(TKey key)
   at DRS_InSim.Form1.GetConnection(Byte PLID) in c:\Apps\DRS Race Manager\DRS InSim\DRS InSim\DRS InSim\Form1.cs:line 272
   at DRS_InSim.Form1.MultiCarInfo(InSim insim, IS_MCI mci) in c:\Apps\DRS Race Manager\DRS InSim\DRS InSim\DRS InSim\Form1.cs:line 623
2/22/2017 2:40:30 PM: MCI - Exception: System.Collections.Generic.KeyNotFoundException: The given key was not present in the dictionary.
   at System.Collections.Generic.Dictionary`2.get_Item(TKey key)
   at DRS_InSim.Form1.GetConnection(Byte PLID) in c:\Apps\DRS Race Manager\DRS InSim\DRS InSim\DRS InSim\Form1.cs:line 272
   at DRS_InSim.Form1.MultiCarInfo(InSim insim, IS_MCI mci) in c:\Apps\DRS Race Manager\DRS InSim\DRS InSim\DRS InSim\Form1.cs:line 623
2/22/2017 2:40:31 PM: MCI - Exception: System.Collections.Generic.KeyNotFoundException: The given key was not present in the dictionary.
   at System.Collections.Generic.Dictionary`2.get_Item(TKey key)
   at DRS_InSim.Form1.GetConnection(Byte PLID) in c:\Apps\DRS Race Manager\DRS InSim\DRS InSim\DRS InSim\Form1.cs:line 272
   at DRS_InSim.Form1.MultiCarInfo(InSim insim, IS_MCI mci) in c:\Apps\DRS Race Manager\DRS InSim\DRS InSim\DRS InSim\Form1.cs:line 623
2/22/2017 2:40:31 PM: MCI - Exception: System.Collections.Generic.KeyNotFoundException: The given key was not present in the dictionary.
   at System.Collections.Generic.Dictionary`2.get_Item(TKey key)
   at DRS_InSim.Form1.GetConnection(Byte PLID) in c:\Apps\DRS Race Manager\DRS InSim\DRS InSim\DRS InSim\Form1.cs:line 272
   at DRS_InSim.Form1.MultiCarInfo(InSim insim, IS_MCI mci) in c:\Apps\DRS Race Manager\DRS InSim\DRS InSim\DRS InSim\Form1.cs:line 623
2/22/2017 2:40:32 PM: MCI - Exception: System.Collections.Generic.KeyNotFoundException: The given key was not present in the dictionary.
   at System.Collections.Generic.Dictionary`2.get_Item(TKey key)
   at DRS_InSim.Form1.GetConnection(Byte PLID) in c:\Apps\DRS Race Manager\DRS InSim\DRS InSim\DRS InSim\Form1.cs:line 272
   at DRS_InSim.Form1.MultiCarInfo(InSim insim, IS_MCI mci) in c:\Apps\DRS Race Manager\DRS InSim\DRS InSim\DRS InSim\Form1.cs:line 623
2/22/2017 2:40:32 PM: MCI - Exception: System.Collections.Generic.KeyNotFoundException: The given key was not present in the dictionary.
   at System.Collections.Generic.Dictionary`2.get_Item(TKey key)
   at DRS_InSim.Form1.GetConnection(Byte PLID) in c:\Apps\DRS Race Manager\DRS InSim\DRS InSim\DRS InSim\Form1.cs:line 272
   at DRS_InSim.Form1.MultiCarInfo(InSim insim, IS_MCI mci) in c:\Apps\DRS Race Manager\DRS InSim\DRS InSim\DRS InSim\Form1.cs:line 623
2/22/2017 2:40:33 PM: MCI - Exception: System.Collections.Generic.KeyNotFoundException: The given key was not present in the dictionary.
   at System.Collections.Generic.Dictionary`2.get_Item(TKey key)
   at DRS_InSim.Form1.GetConnection(Byte PLID) in c:\Apps\DRS Race Manager\DRS InSim\DRS InSim\DRS InSim\Form1.cs:line 272
   at DRS_InSim.Form1.MultiCarInfo(InSim insim, IS_MCI mci) in c:\Apps\DRS Race Manager\DRS InSim\DRS InSim\DRS InSim\Form1.cs:line 623
2/22/2017 2:40:33 PM: MCI - Exception: System.Collections.Generic.KeyNotFoundException: The given key was not present in the dictionary.
   at System.Collections.Generic.Dictionary`2.get_Item(TKey key)
   at DRS_InSim.Form1.GetConnection(Byte PLID) in c:\Apps\DRS Race Manager\DRS InSim\DRS InSim\DRS InSim\Form1.cs:line 272
   at DRS_InSim.Form1.MultiCarInfo(InSim insim, IS_MCI mci) in c:\Apps\DRS Race Manager\DRS InSim\DRS InSim\DRS InSim\Form1.cs:line 623
2/22/2017 2:40:34 PM: MCI - Exception: System.Collections.Generic.KeyNotFoundException: The given key was not present in the dictionary.
   at System.Collections.Generic.Dictionary`2.get_Item(TKey key)
   at DRS_InSim.Form1.GetConnection(Byte PLID) in c:\Apps\DRS Race Manager\DRS InSim\DRS InSim\DRS InSim\Form1.cs:line 272
   at DRS_InSim.Form1.MultiCarInfo(InSim insim, IS_MCI mci) in c:\Apps\DRS Race Manager\DRS InSim\DRS InSim\DRS InSim\Form1.cs:line 623
2/22/2017 2:40:34 PM: MCI - Exception: System.Collections.Generic.KeyNotFoundException: The given key was not present in the dictionary.
   at System.Collections.Generic.Dictionary`2.get_Item(TKey key)
   at DRS_InSim.Form1.GetConnection(Byte PLID) in c:\Apps\DRS Race Manager\DRS InSim\DRS InSim\DRS InSim\Form1.cs:line 272
   at DRS_InSim.Form1.MultiCarInfo(InSim insim, IS_MCI mci) in c:\Apps\DRS Race Manager\DRS InSim\DRS InSim\DRS InSim\Form1.cs:line 623
2/22/2017 2:40:35 PM: MCI - Exception: System.Collections.Generic.KeyNotFoundException: The given key was not present in the dictionary.
   at System.Collections.Generic.Dictionary`2.get_Item(TKey key)
   at DRS_InSim.Form1.GetConnection(Byte PLID) in c:\Apps\DRS Race Manager\DRS InSim\DRS InSim\DRS InSim\Form1.cs:line 272
   at DRS_InSim.Form1.MultiCarInfo(InSim insim, IS_MCI mci) in c:\Apps\DRS Race Manager\DRS InSim\DRS InSim\DRS InSim\Form1.cs:line 623
2/22/2017 2:40:35 PM: MCI - Exception: System.Collections.Generic.KeyNotFoundException: The given key was not present in the dictionary.
   at System.Collections.Generic.Dictionary`2.get_Item(TKey key)
   at DRS_InSim.Form1.GetConnection(Byte PLID) in c:\Apps\DRS Race Manager\DRS InSim\DRS InSim\DRS InSim\Form1.cs:line 272
   at DRS_InSim.Form1.MultiCarInfo(InSim insim, IS_MCI mci) in c:\Apps\DRS Race Manager\DRS InSim\DRS InSim\DRS InSim\Form1.cs:line 623
2/22/2017 2:40:36 PM: MCI - Exception: System.Collections.Generic.KeyNotFoundException: The given key was not present in the dictionary.
   at System.Collections.Generic.Dictionary`2.get_Item(TKey key)
   at DRS_InSim.Form1.GetConnection(Byte PLID) in c:\Apps\DRS Race Manager\DRS InSim\DRS InSim\DRS InSim\Form1.cs:line 272
   at DRS_InSim.Form1.MultiCarInfo(InSim insim, IS_MCI mci) in c:\Apps\DRS Race Manager\DRS InSim\DRS InSim\DRS InSim\Form1.cs:line 623
2/22/2017 2:40:36 PM: MCI - Exception: System.Collections.Generic.KeyNotFoundException: The given key was not present in the dictionary.
   at System.Collections.Generic.Dictionary`2.get_Item(TKey key)
   at DRS_InSim.Form1.GetConnection(Byte PLID) in c:\Apps\DRS Race Manager\DRS InSim\DRS InSim\DRS InSim\Form1.cs:line 272
   at DRS_InSim.Form1.MultiCarInfo(InSim insim, IS_MCI mci) in c:\Apps\DRS Race Manager\DRS InSim\DRS InSim\DRS InSim\Form1.cs:line 623
2/22/2017 2:40:37 PM: MCI - Exception: System.Collections.Generic.KeyNotFoundException: The given key was not present in the dictionary.
   at System.Collections.Generic.Dictionary`2.get_Item(TKey key)
   at DRS_InSim.Form1.GetConnection(Byte PLID) in c:\Apps\DRS Race Manager\DRS InSim\DRS InSim\DRS InSim\Form1.cs:line 272
   at DRS_InSim.Form1.MultiCarInfo(InSim insim, IS_MCI mci) in c:\Apps\DRS Race Manager\DRS InSim\DRS InSim\DRS InSim\Form1.cs:line 623
2/22/2017 2:40:37 PM: MCI - Exception: System.Collections.Generic.KeyNotFoundException: The given key was not present in the dictionary.
   at System.Collections.Generic.Dictionary`2.get_Item(TKey key)
   at DRS_InSim.Form1.GetConnection(Byte PLID) in c:\Apps\DRS Race Manager\DRS InSim\DRS InSim\DRS InSim\Form1.cs:line 272
   at DRS_InSim.Form1.MultiCarInfo(InSim insim, IS_MCI mci) in c:\Apps\DRS Race Manager\DRS InSim\DRS InSim\DRS InSim\Form1.cs:line 623
2/22/2017 2:40:38 PM: MCI - Exception: System.Collections.Generic.KeyNotFoundException: The given key was not present in the dictionary.
   at System.Collections.Generic.Dictionary`2.get_Item(TKey key)
   at DRS_InSim.Form1.GetConnection(Byte PLID) in c:\Apps\DRS Race Manager\DRS InSim\DRS InSim\DRS InSim\Form1.cs:line 272
   at DRS_InSim.Form1.MultiCarInfo(InSim insim, IS_MCI mci) in c:\Apps\DRS Race Manager\DRS InSim\DRS InSim\DRS InSim\Form1.cs:line 623
2/22/2017 2:40:38 PM: MCI - Exception: System.Collections.Generic.KeyNotFoundException: The given key was not present in the dictionary.
   at System.Collections.Generic.Dictionary`2.get_Item(TKey key)
   at DRS_InSim.Form1.GetConnection(Byte PLID) in c:\Apps\DRS Race Manager\DRS InSim\DRS InSim\DRS InSim\Form1.cs:line 272
   at DRS_InSim.Form1.MultiCarInfo(InSim insim, IS_MCI mci) in c:\Apps\DRS Race Manager\DRS InSim\DRS InSim\DRS InSim\Form1.cs:line 623
2/22/2017 2:40:39 PM: MCI - Exception: System.Collections.Generic.KeyNotFoundException: The given key was not present in the dictionary.
   at System.Collections.Generic.Dictionary`2.get_Item(TKey key)
   at DRS_InSim.Form1.GetConnection(Byte PLID) in c:\Apps\DRS Race Manager\DRS InSim\DRS InSim\DRS InSim\Form1.cs:line 272
   at DRS_InSim.Form1.MultiCarInfo(InSim insim, IS_MCI mci) in c:\Apps\DRS Race Manager\DRS InSim\DRS InSim\DRS InSim\Form1.cs:line 623
2/22/2017 2:40:39 PM: MCI - Exception: System.Collections.Generic.KeyNotFoundException: The given key was not present in the dictionary.
   at System.Collections.Generic.Dictionary`2.get_Item(TKey key)
   at DRS_InSim.Form1.GetConnection(Byte PLID) in c:\Apps\DRS Race Manager\DRS InSim\DRS InSim\DRS InSim\Form1.cs:line 272
   at DRS_InSim.Form1.MultiCarInfo(InSim insim, IS_MCI mci) in c:\Apps\DRS Race Manager\DRS InSim\DRS InSim\DRS InSim\Form1.cs:line 623
2/22/2017 2:40:40 PM: MCI - Exception: System.Collections.Generic.KeyNotFoundException: The given key was not present in the dictionary.
   at System.Collections.Generic.Dictionary`2.get_Item(TKey key)
   at DRS_InSim.Form1.GetConnection(Byte PLID) in c:\Apps\DRS Race Manager\DRS InSim\DRS InSim\DRS InSim\Form1.cs:line 272
   at DRS_InSim.Form1.MultiCarInfo(InSim insim, IS_MCI mci) in c:\Apps\DRS Race Manager\DRS InSim\DRS InSim\DRS InSim\Form1.cs:line 623
2/22/2017 2:40:40 PM: MCI - Exception: System.Collections.Generic.KeyNotFoundException: The given key was not present in the dictionary.
   at System.Collections.Generic.Dictionary`2.get_Item(TKey key)
   at DRS_InSim.Form1.GetConnection(Byte PLID) in c:\Apps\DRS Race Manager\DRS InSim\DRS InSim\DRS InSim\Form1.cs:line 272
   at DRS_InSim.Form1.MultiCarInfo(InSim insim, IS_MCI mci) in c:\Apps\DRS Race Manager\DRS InSim\DRS InSim\DRS InSim\Form1.cs:line 623
2/22/2017 2:40:41 PM: MCI - Exception: System.Collections.Generic.KeyNotFoundException: The given key was not present in the dictionary.
   at System.Collections.Generic.Dictionary`2.get_Item(TKey key)
   at DRS_InSim.Form1.GetConnection(Byte PLID) in c:\Apps\DRS Race Manager\DRS InSim\DRS InSim\DRS InSim\Form1.cs:line 272
   at DRS_InSim.Form1.MultiCarInfo(InSim insim, IS_MCI mci) in c:\Apps\DRS Race Manager\DRS InSim\DRS InSim\DRS InSim\Form1.cs:line 623
2/22/2017 2:40:41 PM: MCI - Exception: System.Collections.Generic.KeyNotFoundException: The given key was not present in the dictionary.
   at System.Collections.Generic.Dictionary`2.get_Item(TKey key)
   at DRS_InSim.Form1.GetConnection(Byte PLID) in c:\Apps\DRS Race Manager\DRS InSim\DRS InSim\DRS InSim\Form1.cs:line 272
   at DRS_InSim.Form1.MultiCarInfo(InSim insim, IS_MCI mci) in c:\Apps\DRS Race Manager\DRS InSim\DRS InSim\DRS InSim\Form1.cs:line 623
2/22/2017 2:40:42 PM: MCI - Exception: System.Collections.Generic.KeyNotFoundException: The given key was not present in the dictionary.
   at System.Collections.Generic.Dictionary`2.get_Item(TKey key)
   at DRS_InSim.Form1.GetConnection(Byte PLID) in c:\Apps\DRS Race Manager\DRS InSim\DRS InSim\DRS InSim\Form1.cs:line 272
   at DRS_InSim.Form1.MultiCarInfo(InSim insim, IS_MCI mci) in c:\Apps\DRS Race Manager\DRS InSim\DRS InSim\DRS InSim\Form1.cs:line 623
2/22/2017 2:40:42 PM: MCI - Exception: System.Collections.Generic.KeyNotFoundException: The given key was not present in the dictionary.
   at System.Collections.Generic.Dictionary`2.get_Item(TKey key)
   at DRS_InSim.Form1.GetConnection(Byte PLID) in c:\Apps\DRS Race Manager\DRS InSim\DRS InSim\DRS InSim\Form1.cs:line 272
   at DRS_InSim.Form1.MultiCarInfo(InSim insim, IS_MCI mci) in c:\Apps\DRS Race Manager\DRS InSim\DRS InSim\DRS InSim\Form1.cs:line 623
2/22/2017 2:40:43 PM: MCI - Exception: System.Collections.Generic.KeyNotFoundException: The given key was not present in the dictionary.
   at System.Collections.Generic.Dictionary`2.get_Item(TKey key)
   at DRS_InSim.Form1.GetConnection(Byte PLID) in c:\Apps\DRS Race Manager\DRS InSim\DRS InSim\DRS InSim\Form1.cs:line 272
   at DRS_InSim.Form1.MultiCarInfo(InSim insim, IS_MCI mci) in c:\Apps\DRS Race Manager\DRS InSim\DRS InSim\DRS InSim\Form1.cs:line 623
2/22/2017 2:40:43 PM: MCI - Exception: System.Collections.Generic.KeyNotFoundException: The given key was not present in the dictionary.
   at System.Collections.Generic.Dictionary`2.get_Item(TKey key)
   at DRS_InSim.Form1.GetConnection(Byte PLID) in c:\Apps\DRS Race Manager\DRS InSim\DRS InSim\DRS InSim\Form1.cs:line 272
   at DRS_InSim.Form1.MultiCarInfo(InSim insim, IS_MCI mci) in c:\Apps\DRS Race Manager\DRS InSim\DRS InSim\DRS InSim\Form1.cs:line 623
2/22/2017 2:40:44 PM: MCI - Exception: System.Collections.Generic.KeyNotFoundException: The given key was not present in the dictionary.
   at System.Collections.Generic.Dictionary`2.get_Item(TKey key)
   at DRS_InSim.Form1.GetConnection(Byte PLID) in c:\Apps\DRS Race Manager\DRS InSim\DRS InSim\DRS InSim\Form1.cs:line 272
   at DRS_InSim.Form1.MultiCarInfo(InSim insim, IS_MCI mci) in c:\Apps\DRS Race Manager\DRS InSim\DRS InSim\DRS InSim\Form1.cs:line 623
2/22/2017 2:40:44 PM: MCI - Exception: System.Collections.Generic.KeyNotFoundException: The given key was not present in the dictionary.
   at System.Collections.Generic.Dictionary`2.get_Item(TKey key)
   at DRS_InSim.Form1.GetConnection(Byte PLID) in c:\Apps\DRS Race Manager\DRS InSim\DRS InSim\DRS InSim\Form1.cs:line 272
   at DRS_InSim.Form1.MultiCarInfo(InSim insim, IS_MCI mci) in c:\Apps\DRS Race Manager\DRS InSim\DRS InSim\DRS InSim\Form1.cs:line 623
2/22/2017 2:40:45 PM: MCI - Exception: System.Collections.Generic.KeyNotFoundException: The given key was not present in the dictionary.
   at System.Collections.Generic.Dictionary`2.get_Item(TKey key)
   at DRS_InSim.Form1.GetConnection(Byte PLID) in c:\Apps\DRS Race Manager\DRS InSim\DRS InSim\DRS InSim\Form1.cs:line 272
   at DRS_InSim.Form1.MultiCarInfo(InSim insim, IS_MCI mci) in c:\Apps\DRS Race Manager\DRS InSim\DRS InSim\DRS InSim\Form1.cs:line 623
2/22/2017 2:40:45 PM: MCI - Exception: System.Collections.Generic.KeyNotFoundException: The given key was not present in the dictionary.
   at System.Collections.Generic.Dictionary`2.get_Item(TKey key)
   at DRS_InSim.Form1.GetConnection(Byte PLID) in c:\Apps\DRS Race Manager\DRS InSim\DRS InSim\DRS InSim\Form1.cs:line 272
   at DRS_InSim.Form1.MultiCarInfo(InSim insim, IS_MCI mci) in c:\Apps\DRS Race Manager\DRS InSim\DRS InSim\DRS InSim\Form1.cs:line 623
2/22/2017 2:40:46 PM: MCI - Exception: System.Collections.Generic.KeyNotFoundException: The given key was not present in the dictionary.
   at System.Collections.Generic.Dictionary`2.get_Item(TKey key)
   at DRS_InSim.Form1.GetConnection(Byte PLID) in c:\Apps\DRS Race Manager\DRS InSim\DRS InSim\DRS InSim\Form1.cs:line 272
   at DRS_InSim.Form1.MultiCarInfo(InSim insim, IS_MCI mci) in c:\Apps\DRS Race Manager\DRS InSim\DRS InSim\DRS InSim\Form1.cs:line 623
2/22/2017 2:40:46 PM: MCI - Exception: System.Collections.Generic.KeyNotFoundException: The given key was not present in the dictionary.
   at System.Collections.Generic.Dictionary`2.get_Item(TKey key)
   at DRS_InSim.Form1.GetConnection(Byte PLID) in c:\Apps\DRS Race Manager\DRS InSim\DRS InSim\DRS InSim\Form1.cs:line 272
   at DRS_InSim.Form1.MultiCarInfo(InSim insim, IS_MCI mci) in c:\Apps\DRS Race Manager\DRS InSim\DRS InSim\DRS InSim\Form1.cs:line 623
2/22/2017 2:40:47 PM: MCI - Exception: System.Collections.Generic.KeyNotFoundException: The given key was not present in the dictionary.
   at System.Collections.Generic.Dictionary`2.get_Item(TKey key)
   at DRS_InSim.Form1.GetConnection(Byte PLID) in c:\Apps\DRS Race Manager\DRS InSim\DRS InSim\DRS InSim\Form1.cs:line 272
   at DRS_InSim.Form1.MultiCarInfo(InSim insim, IS_MCI mci) in c:\Apps\DRS Race Manager\DRS InSim\DRS InSim\DRS InSim\Form1.cs:line 623
2/22/2017 2:40:47 PM: MCI - Exception: System.Collections.Generic.KeyNotFoundException: The given key was not present in the dictionary.
   at System.Collections.Generic.Dictionary`2.get_Item(TKey key)
   at DRS_InSim.Form1.GetConnection(Byte PLID) in c:\Apps\DRS Race Manager\DRS InSim\DRS InSim\DRS InSim\Form1.cs:line 272
   at DRS_InSim.Form1.MultiCarInfo(InSim insim, IS_MCI mci) in c:\Apps\DRS Race Manager\DRS InSim\DRS InSim\DRS InSim\Form1.cs:line 623
2/22/2017 2:40:48 PM: MCI - Exception: System.Collections.Generic.KeyNotFoundException: The given key was not present in the dictionary.
   at System.Collections.Generic.Dictionary`2.get_Item(TKey key)
   at DRS_InSim.Form1.GetConnection(Byte PLID) in c:\Apps\DRS Race Manager\DRS InSim\DRS InSim\DRS InSim\Form1.cs:line 272
   at DRS_InSim.Form1.MultiCarInfo(InSim insim, IS_MCI mci) in c:\Apps\DRS Race Manager\DRS InSim\DRS InSim\DRS InSim\Form1.cs:line 623
2/22/2017 2:40:48 PM: MCI - Exception: System.Collections.Generic.KeyNotFoundException: The given key was not present in the dictionary.
   at System.Collections.Generic.Dictionary`2.get_Item(TKey key)
   at DRS_InSim.Form1.GetConnection(Byte PLID) in c:\Apps\DRS Race Manager\DRS InSim\DRS InSim\DRS InSim\Form1.cs:line 272
   at DRS_InSim.Form1.MultiCarInfo(InSim insim, IS_MCI mci) in c:\Apps\DRS Race Manager\DRS InSim\DRS InSim\DRS InSim\Form1.cs:line 623
2/22/2017 2:40:49 PM: MCI - Exception: System.Collections.Generic.KeyNotFoundException: The given key was not present in the dictionary.
   at System.Collections.Generic.Dictionary`2.get_Item(TKey key)
   at DRS_InSim.Form1.GetConnection(Byte PLID) in c:\Apps\DRS Race Manager\DRS InSim\DRS InSim\DRS InSim\Form1.cs:line 272
   at DRS_InSim.Form1.MultiCarInfo(InSim insim, IS_MCI mci) in c:\Apps\DRS Race Manager\DRS InSim\DRS InSim\DRS InSim\Form1.cs:line 623
2/22/2017 2:40:49 PM: MCI - Exception: System.Collections.Generic.KeyNotFoundException: The given key was not present in the dictionary.
   at System.Collections.Generic.Dictionary`2.get_Item(TKey key)
   at DRS_InSim.Form1.GetConnection(Byte PLID) in c:\Apps\DRS Race Manager\DRS InSim\DRS InSim\DRS InSim\Form1.cs:line 272
   at DRS_InSim.Form1.MultiCarInfo(InSim insim, IS_MCI mci) in c:\Apps\DRS Race Manager\DRS InSim\DRS InSim\DRS InSim\Form1.cs:line 623
2/22/2017 2:40:50 PM: MCI - Exception: System.Collections.Generic.KeyNotFoundException: The given key was not present in the dictionary.
   at System.Collections.Generic.Dictionary`2.get_Item(TKey key)
   at DRS_InSim.Form1.GetConnection(Byte PLID) in c:\Apps\DRS Race Manager\DRS InSim\DRS InSim\DRS InSim\Form1.cs:line 272
   at DRS_InSim.Form1.MultiCarInfo(InSim insim, IS_MCI mci) in c:\Apps\DRS Race Manager\DRS InSim\DRS InSim\DRS InSim\Form1.cs:line 623
2/22/2017 2:40:50 PM: MCI - Exception: System.Collections.Generic.KeyNotFoundException: The given key was not present in the dictionary.
   at System.Collections.Generic.Dictionary`2.get_Item(TKey key)
   at DRS_InSim.Form1.GetConnection(Byte PLID) in c:\Apps\DRS Race Manager\DRS InSim\DRS InSim\DRS InSim\Form1.cs:line 272
   at DRS_InSim.Form1.MultiCarInfo(InSim insim, IS_MCI mci) in c:\Apps\DRS Race Manager\DRS InSim\DRS InSim\DRS InSim\Form1.cs:line 623
2/22/2017 2:40:51 PM: MCI - Exception: System.Collections.Generic.KeyNotFoundException: The given key was not present in the dictionary.
   at System.Collections.Generic.Dictionary`2.get_Item(TKey key)
   at DRS_InSim.Form1.GetConnection(Byte PLID) in c:\Apps\DRS Race Manager\DRS InSim\DRS InSim\DRS InSim\Form1.cs:line 272
   at DRS_InSim.Form1.MultiCarInfo(InSim insim, IS_MCI mci) in c:\Apps\DRS Race Manager\DRS InSim\DRS InSim\DRS InSim\Form1.cs:line 623
2/22/2017 2:40:51 PM: MCI - Exception: System.Collections.Generic.KeyNotFoundException: The given key was not present in the dictionary.
   at System.Collections.Generic.Dictionary`2.get_Item(TKey key)
   at DRS_InSim.Form1.GetConnection(Byte PLID) in c:\Apps\DRS Race Manager\DRS InSim\DRS InSim\DRS InSim\Form1.cs:line 272
   at DRS_InSim.Form1.MultiCarInfo(InSim insim, IS_MCI mci) in c:\Apps\DRS Race Manager\DRS InSim\DRS InSim\DRS InSim\Form1.cs:line 623
2/22/2017 2:40:52 PM: MCI - Exception: System.Collections.Generic.KeyNotFoundException: The given key was not present in the dictionary.
   at System.Collections.Generic.Dictionary`2.get_Item(TKey key)
   at DRS_InSim.Form1.GetConnection(Byte PLID) in c:\Apps\DRS Race Manager\DRS InSim\DRS InSim\DRS InSim\Form1.cs:line 272
   at DRS_InSim.Form1.MultiCarInfo(InSim insim, IS_MCI mci) in c:\Apps\DRS Race Manager\DRS InSim\DRS InSim\DRS InSim\Form1.cs:line 623
2/22/2017 2:40:53 PM: MCI - Exception: System.Collections.Generic.KeyNotFoundException: The given key was not present in the dictionary.
   at System.Collections.Generic.Dictionary`2.get_Item(TKey key)
   at DRS_InSim.Form1.GetConnection(Byte PLID) in c:\Apps\DRS Race Manager\DRS InSim\DRS InSim\DRS InSim\Form1.cs:line 272
   at DRS_InSim.Form1.MultiCarInfo(InSim insim, IS_MCI mci) in c:\Apps\DRS Race Manager\DRS InSim\DRS InSim\DRS InSim\Form1.cs:line 623
2/22/2017 2:40:53 PM: MCI - Exception: System.Collections.Generic.KeyNotFoundException: The given key was not present in the dictionary.
   at System.Collections.Generic.Dictionary`2.get_Item(TKey key)
   at DRS_InSim.Form1.GetConnection(Byte PLID) in c:\Apps\DRS Race Manager\DRS InSim\DRS InSim\DRS InSim\Form1.cs:line 272
   at DRS_InSim.Form1.MultiCarInfo(InSim insim, IS_MCI mci) in c:\Apps\DRS Race Manager\DRS InSim\DRS InSim\DRS InSim\Form1.cs:line 623
2/22/2017 2:40:54 PM: MCI - Exception: System.Collections.Generic.KeyNotFoundException: The given key was not present in the dictionary.
   at System.Collections.Generic.Dictionary`2.get_Item(TKey key)
   at DRS_InSim.Form1.GetConnection(Byte PLID) in c:\Apps\DRS Race Manager\DRS InSim\DRS InSim\DRS InSim\Form1.cs:line 272
   at DRS_InSim.Form1.MultiCarInfo(InSim insim, IS_MCI mci) in c:\Apps\DRS Race Manager\DRS InSim\DRS InSim\DRS InSim\Form1.cs:line 623
2/22/2017 2:40:54 PM: MCI - Exception: System.Collections.Generic.KeyNotFoundException: The given key was not present in the dictionary.
   at System.Collections.Generic.Dictionary`2.get_Item(TKey key)
   at DRS_InSim.Form1.GetConnection(Byte PLID) in c:\Apps\DRS Race Manager\DRS InSim\DRS InSim\DRS InSim\Form1.cs:line 272
   at DRS_InSim.Form1.MultiCarInfo(InSim insim, IS_MCI mci) in c:\Apps\DRS Race Manager\DRS InSim\DRS InSim\DRS InSim\Form1.cs:line 623
2/22/2017 2:40:55 PM: MCI - Exception: System.Collections.Generic.KeyNotFoundException: The given key was not present in the dictionary.
   at System.Collections.Generic.Dictionary`2.get_Item(TKey key)
   at DRS_InSim.Form1.GetConnection(Byte PLID) in c:\Apps\DRS Race Manager\DRS InSim\DRS InSim\DRS InSim\Form1.cs:line 272
   at DRS_InSim.Form1.MultiCarInfo(InSim insim, IS_MCI mci) in c:\Apps\DRS Race Manager\DRS InSim\DRS InSim\DRS InSim\Form1.cs:line 623
2/22/2017 2:40:55 PM: MCI - Exception: System.Collections.Generic.KeyNotFoundException: The given key was not present in the dictionary.
   at System.Collections.Generic.Dictionary`2.get_Item(TKey key)
   at DRS_InSim.Form1.GetConnection(Byte PLID) in c:\Apps\DRS Race Manager\DRS InSim\DRS InSim\DRS InSim\Form1.cs:line 272
   at DRS_InSim.Form1.MultiCarInfo(InSim insim, IS_MCI mci) in c:\Apps\DRS Race Manager\DRS InSim\DRS InSim\DRS InSim\Form1.cs:line 623
2/22/2017 2:40:56 PM: MCI - Exception: System.Collections.Generic.KeyNotFoundException: The given key was not present in the dictionary.
   at System.Collections.Generic.Dictionary`2.get_Item(TKey key)
   at DRS_InSim.Form1.GetConnection(Byte PLID) in c:\Apps\DRS Race Manager\DRS InSim\DRS InSim\DRS InSim\Form1.cs:line 272
   at DRS_InSim.Form1.MultiCarInfo(InSim insim, IS_MCI mci) in c:\Apps\DRS Race Manager\DRS InSim\DRS InSim\DRS InSim\Form1.cs:line 623
2/22/2017 2:40:56 PM: MCI - Exception: System.Collections.Generic.KeyNotFoundException: The given key was not present in the dictionary.
   at System.Collections.Generic.Dictionary`2.get_Item(TKey key)
   at DRS_InSim.Form1.GetConnection(Byte PLID) in c:\Apps\DRS Race Manager\DRS InSim\DRS InSim\DRS InSim\Form1.cs:line 272
   at DRS_InSim.Form1.MultiCarInfo(InSim insim, IS_MCI mci) in c:\Apps\DRS Race Manager\DRS InSim\DRS InSim\DRS InSim\Form1.cs:line 623
2/22/2017 2:40:57 PM: MCI - Exception: System.Collections.Generic.KeyNotFoundException: The given key was not present in the dictionary.
   at System.Collections.Generic.Dictionary`2.get_Item(TKey key)
   at DRS_InSim.Form1.GetConnection(Byte PLID) in c:\Apps\DRS Race Manager\DRS InSim\DRS InSim\DRS InSim\Form1.cs:line 272
   at DRS_InSim.Form1.MultiCarInfo(InSim insim, IS_MCI mci) in c:\Apps\DRS Race Manager\DRS InSim\DRS InSim\DRS InSim\Form1.cs:line 623
2/22/2017 2:40:57 PM: MCI - Exception: System.Collections.Generic.KeyNotFoundException: The given key was not present in the dictionary.
   at System.Collections.Generic.Dictionary`2.get_Item(TKey key)
   at DRS_InSim.Form1.GetConnection(Byte PLID) in c:\Apps\DRS Race Manager\DRS InSim\DRS InSim\DRS InSim\Form1.cs:line 272
   at DRS_InSim.Form1.MultiCarInfo(InSim insim, IS_MCI mci) in c:\Apps\DRS Race Manager\DRS InSim\DRS InSim\DRS InSim\Form1.cs:line 623
2/22/2017 2:40:58 PM: MCI - Exception: System.Collections.Generic.KeyNotFoundException: The given key was not present in the dictionary.
   at System.Collections.Generic.Dictionary`2.get_Item(TKey key)
   at DRS_InSim.Form1.GetConnection(Byte PLID) in c:\Apps\DRS Race Manager\DRS InSim\DRS InSim\DRS InSim\Form1.cs:line 272
   at DRS_InSim.Form1.MultiCarInfo(InSim insim, IS_MCI mci) in c:\Apps\DRS Race Manager\DRS InSim\DRS InSim\DRS InSim\Form1.cs:line 623
2/22/2017 2:40:58 PM: MCI - Exception: System.Collections.Generic.KeyNotFoundException: The given key was not present in the dictionary.
   at System.Collections.Generic.Dictionary`2.get_Item(TKey key)
   at DRS_InSim.Form1.GetConnection(Byte PLID) in c:\Apps\DRS Race Manager\DRS InSim\DRS InSim\DRS InSim\Form1.cs:line 272
   at DRS_InSim.Form1.MultiCarInfo(InSim insim, IS_MCI mci) in c:\Apps\DRS Race Manager\DRS InSim\DRS InSim\DRS InSim\Form1.cs:line 623
2/22/2017 2:40:59 PM: MCI - Exception: System.Collections.Generic.KeyNotFoundException: The given key was not present in the dictionary.
   at System.Collections.Generic.Dictionary`2.get_Item(TKey key)
   at DRS_InSim.Form1.GetConnection(Byte PLID) in c:\Apps\DRS Race Manager\DRS InSim\DRS InSim\DRS InSim\Form1.cs:line 272
   at DRS_InSim.Form1.MultiCarInfo(InSim insim, IS_MCI mci) in c:\Apps\DRS Race Manager\DRS InSim\DRS InSim\DRS InSim\Form1.cs:line 623
2/22/2017 2:40:59 PM: MCI - Exception: System.Collections.Generic.KeyNotFoundException: The given key was not present in the dictionary.
   at System.Collections.Generic.Dictionary`2.get_Item(TKey key)
   at DRS_InSim.Form1.GetConnection(Byte PLID) in c:\Apps\DRS Race Manager\DRS InSim\DRS InSim\DRS InSim\Form1.cs:line 272
   at DRS_InSim.Form1.MultiCarInfo(InSim insim, IS_MCI mci) in c:\Apps\DRS Race Manager\DRS InSim\DRS InSim\DRS InSim\Form1.cs:line 623
2/22/2017 2:41:00 PM: MCI - Exception: System.Collections.Generic.KeyNotFoundException: The given key was not present in the dictionary.
   at System.Collections.Generic.Dictionary`2.get_Item(TKey key)
   at DRS_InSim.Form1.GetConnection(Byte PLID) in c:\Apps\DRS Race Manager\DRS InSim\DRS InSim\DRS InSim\Form1.cs:line 272
   at DRS_InSim.Form1.MultiCarInfo(InSim insim, IS_MCI mci) in c:\Apps\DRS Race Manager\DRS InSim\DRS InSim\DRS InSim\Form1.cs:line 623
2/22/2017 2:41:00 PM: MCI - Exception: System.Collections.Generic.KeyNotFoundException: The given key was not present in the dictionary.
   at System.Collections.Generic.Dictionary`2.get_Item(TKey key)
   at DRS_InSim.Form1.GetConnection(Byte PLID) in c:\Apps\DRS Race Manager\DRS InSim\DRS InSim\DRS InSim\Form1.cs:line 272
   at DRS_InSim.Form1.MultiCarInfo(InSim insim, IS_MCI mci) in c:\Apps\DRS Race Manager\DRS InSim\DRS InSim\DRS InSim\Form1.cs:line 623
2/22/2017 2:41:01 PM: MCI - Exception: System.Collections.Generic.KeyNotFoundException: The given key was not present in the dictionary.
   at System.Collections.Generic.Dictionary`2.get_Item(TKey key)
   at DRS_InSim.Form1.GetConnection(Byte PLID) in c:\Apps\DRS Race Manager\DRS InSim\DRS InSim\DRS InSim\Form1.cs:line 272
   at DRS_InSim.Form1.MultiCarInfo(InSim insim, IS_MCI mci) in c:\Apps\DRS Race Manager\DRS InSim\DRS InSim\DRS InSim\Form1.cs:line 623
2/22/2017 2:41:01 PM: MCI - Exception: System.Collections.Generic.KeyNotFoundException: The given key was not present in the dictionary.
   at System.Collections.Generic.Dictionary`2.get_Item(TKey key)
   at DRS_InSim.Form1.GetConnection(Byte PLID) in c:\Apps\DRS Race Manager\DRS InSim\DRS InSim\DRS InSim\Form1.cs:line 272
   at DRS_InSim.Form1.MultiCarInfo(InSim insim, IS_MCI mci) in c:\Apps\DRS Race Manager\DRS InSim\DRS InSim\DRS InSim\Form1.cs:line 623
2/22/2017 2:41:02 PM: MCI - Exception: System.Collections.Generic.KeyNotFoundException: The given key was not present in the dictionary.
   at System.Collections.Generic.Dictionary`2.get_Item(TKey key)
   at DRS_InSim.Form1.GetConnection(Byte PLID) in c:\Apps\DRS Race Manager\DRS InSim\DRS InSim\DRS InSim\Form1.cs:line 272
   at DRS_InSim.Form1.MultiCarInfo(InSim insim, IS_MCI mci) in c:\Apps\DRS Race Manager\DRS InSim\DRS InSim\DRS InSim\Form1.cs:line 623
2/22/2017 2:41:02 PM: MCI - Exception: System.Collections.Generic.KeyNotFoundException: The given key was not present in the dictionary.
   at System.Collections.Generic.Dictionary`2.get_Item(TKey key)
   at DRS_InSim.Form1.GetConnection(Byte PLID) in c:\Apps\DRS Race Manager\DRS InSim\DRS InSim\DRS InSim\Form1.cs:line 272
   at DRS_InSim.Form1.MultiCarInfo(InSim insim, IS_MCI mci) in c:\Apps\DRS Race Manager\DRS InSim\DRS InSim\DRS InSim\Form1.cs:line 623
2/22/2017 2:41:03 PM: MCI - Exception: System.Collections.Generic.KeyNotFoundException: The given key was not present in the dictionary.
   at System.Collections.Generic.Dictionary`2.get_Item(TKey key)
   at DRS_InSim.Form1.GetConnection(Byte PLID) in c:\Apps\DRS Race Manager\DRS InSim\DRS InSim\DRS InSim\Form1.cs:line 272
   at DRS_InSim.Form1.MultiCarInfo(InSim insim, IS_MCI mci) in c:\Apps\DRS Race Manager\DRS InSim\DRS InSim\DRS InSim\Form1.cs:line 623
2/22/2017 2:41:03 PM: MCI - Exception: System.Collections.Generic.KeyNotFoundException: The given key was not present in the dictionary.
   at System.Collections.Generic.Dictionary`2.get_Item(TKey key)
   at DRS_InSim.Form1.GetConnection(Byte PLID) in c:\Apps\DRS Race Manager\DRS InSim\DRS InSim\DRS InSim\Form1.cs:line 272
   at DRS_InSim.Form1.MultiCarInfo(InSim insim, IS_MCI mci) in c:\Apps\DRS Race Manager\DRS InSim\DRS InSim\DRS InSim\Form1.cs:line 623
2/22/2017 2:41:04 PM: MCI - Exception: System.Collections.Generic.KeyNotFoundException: The given key was not present in the dictionary.
   at System.Collections.Generic.Dictionary`2.get_Item(TKey key)
   at DRS_InSim.Form1.GetConnection(Byte PLID) in c:\Apps\DRS Race Manager\DRS InSim\DRS InSim\DRS InSim\Form1.cs:line 272
   at DRS_InSim.Form1.MultiCarInfo(InSim insim, IS_MCI mci) in c:\Apps\DRS Race Manager\DRS InSim\DRS InSim\DRS InSim\Form1.cs:line 623
2/22/2017 2:41:04 PM: MCI - Exception: System.Collections.Generic.KeyNotFoundException: The given key was not present in the dictionary.
   at System.Collections.Generic.Dictionary`2.get_Item(TKey key)
   at DRS_InSim.Form1.GetConnection(Byte PLID) in c:\Apps\DRS Race Manager\DRS InSim\DRS InSim\DRS InSim\Form1.cs:line 272
   at DRS_InSim.Form1.MultiCarInfo(InSim insim, IS_MCI mci) in c:\Apps\DRS Race Manager\DRS InSim\DRS InSim\DRS InSim\Form1.cs:line 623
2/22/2017 2:41:05 PM: MCI - Exception: System.Collections.Generic.KeyNotFoundException: The given key was not present in the dictionary.
   at System.Collections.Generic.Dictionary`2.get_Item(TKey key)
   at DRS_InSim.Form1.GetConnection(Byte PLID) in c:\Apps\DRS Race Manager\DRS InSim\DRS InSim\DRS InSim\Form1.cs:line 272
   at DRS_InSim.Form1.MultiCarInfo(InSim insim, IS_MCI mci) in c:\Apps\DRS Race Manager\DRS InSim\DRS InSim\DRS InSim\Form1.cs:line 623
2/22/2017 2:41:05 PM: MCI - Exception: System.Collections.Generic.KeyNotFoundException: The given key was not present in the dictionary.
   at System.Collections.Generic.Dictionary`2.get_Item(TKey key)
   at DRS_InSim.Form1.GetConnection(Byte PLID) in c:\Apps\DRS Race Manager\DRS InSim\DRS InSim\DRS InSim\Form1.cs:line 272
   at DRS_InSim.Form1.MultiCarInfo(InSim insim, IS_MCI mci) in c:\Apps\DRS Race Manager\DRS InSim\DRS InSim\DRS InSim\Form1.cs:line 623
2/22/2017 2:41:06 PM: MCI - Exception: System.Collections.Generic.KeyNotFoundException: The given key was not present in the dictionary.
   at System.Collections.Generic.Dictionary`2.get_Item(TKey key)
   at DRS_InSim.Form1.GetConnection(Byte PLID) in c:\Apps\DRS Race Manager\DRS InSim\DRS InSim\DRS InSim\Form1.cs:line 272
   at DRS_InSim.Form1.MultiCarInfo(InSim insim, IS_MCI mci) in c:\Apps\DRS Race Manager\DRS InSim\DRS InSim\DRS InSim\Form1.cs:line 623
2/22/2017 2:41:06 PM: MCI - Exception: System.Collections.Generic.KeyNotFoundException: The given key was not present in the dictionary.
   at System.Collections.Generic.Dictionary`2.get_Item(TKey key)
   at DRS_InSim.Form1.GetConnection(Byte PLID) in c:\Apps\DRS Race Manager\DRS InSim\DRS InSim\DRS InSim\Form1.cs:line 272
   at DRS_InSim.Form1.MultiCarInfo(InSim insim, IS_MCI mci) in c:\Apps\DRS Race Manager\DRS InSim\DRS InSim\DRS InSim\Form1.cs:line 623
2/22/2017 2:41:07 PM: MCI - Exception: System.Collections.Generic.KeyNotFoundException: The given key was not present in the dictionary.
   at System.Collections.Generic.Dictionary`2.get_Item(TKey key)
   at DRS_InSim.Form1.GetConnection(Byte PLID) in c:\Apps\DRS Race Manager\DRS InSim\DRS InSim\DRS InSim\Form1.cs:line 272
   at DRS_InSim.Form1.MultiCarInfo(InSim insim, IS_MCI mci) in c:\Apps\DRS Race Manager\DRS InSim\DRS InSim\DRS InSim\Form1.cs:line 623
2/22/2017 2:41:07 PM: MCI - Exception: System.Collections.Generic.KeyNotFoundException: The given key was not present in the dictionary.
   at System.Collections.Generic.Dictionary`2.get_Item(TKey key)
   at DRS_InSim.Form1.GetConnection(Byte PLID) in c:\Apps\DRS Race Manager\DRS InSim\DRS InSim\DRS InSim\Form1.cs:line 272
   at DRS_InSim.Form1.MultiCarInfo(InSim insim, IS_MCI mci) in c:\Apps\DRS Race Manager\DRS InSim\DRS InSim\DRS InSim\Form1.cs:line 623
2/22/2017 2:41:08 PM: MCI - Exception: System.Collections.Generic.KeyNotFoundException: The given key was not present in the dictionary.
   at System.Collections.Generic.Dictionary`2.get_Item(TKey key)
   at DRS_InSim.Form1.GetConnection(Byte PLID) in c:\Apps\DRS Race Manager\DRS InSim\DRS InSim\DRS InSim\Form1.cs:line 272
   at DRS_InSim.Form1.MultiCarInfo(InSim insim, IS_MCI mci) in c:\Apps\DRS Race Manager\DRS InSim\DRS InSim\DRS InSim\Form1.cs:line 623
2/22/2017 2:41:08 PM: MCI - Exception: System.Collections.Generic.KeyNotFoundException: The given key was not present in the dictionary.
   at System.Collections.Generic.Dictionary`2.get_Item(TKey key)
   at DRS_InSim.Form1.GetConnection(Byte PLID) in c:\Apps\DRS Race Manager\DRS InSim\DRS InSim\DRS InSim\Form1.cs:line 272
   at DRS_InSim.Form1.MultiCarInfo(InSim insim, IS_MCI mci) in c:\Apps\DRS Race Manager\DRS InSim\DRS InSim\DRS InSim\Form1.cs:line 623
2/22/2017 2:41:09 PM: MCI - Exception: System.Collections.Generic.KeyNotFoundException: The given key was not present in the dictionary.
   at System.Collections.Generic.Dictionary`2.get_Item(TKey key)
   at DRS_InSim.Form1.GetConnection(Byte PLID) in c:\Apps\DRS Race Manager\DRS InSim\DRS InSim\DRS InSim\Form1.cs:line 272
   at DRS_InSim.Form1.MultiCarInfo(InSim insim, IS_MCI mci) in c:\Apps\DRS Race Manager\DRS InSim\DRS InSim\DRS InSim\Form1.cs:line 623
2/22/2017 2:41:09 PM: MCI - Exception: System.Collections.Generic.KeyNotFoundException: The given key was not present in the dictionary.
   at System.Collections.Generic.Dictionary`2.get_Item(TKey key)
   at DRS_InSim.Form1.GetConnection(Byte PLID) in c:\Apps\DRS Race Manager\DRS InSim\DRS InSim\DRS InSim\Form1.cs:line 272
   at DRS_InSim.Form1.MultiCarInfo(InSim insim, IS_MCI mci) in c:\Apps\DRS Race Manager\DRS InSim\DRS InSim\DRS InSim\Form1.cs:line 623
2/22/2017 2:41:10 PM: MCI - Exception: System.Collections.Generic.KeyNotFoundException: The given key was not present in the dictionary.
   at System.Collections.Generic.Dictionary`2.get_Item(TKey key)
   at DRS_InSim.Form1.GetConnection(Byte PLID) in c:\Apps\DRS Race Manager\DRS InSim\DRS InSim\DRS InSim\Form1.cs:line 272
   at DRS_InSim.Form1.MultiCarInfo(InSim insim, IS_MCI mci) in c:\Apps\DRS Race Manager\DRS InSim\DRS InSim\DRS InSim\Form1.cs:line 623
2/22/2017 2:41:10 PM: MCI - Exception: System.Collections.Generic.KeyNotFoundException: The given key was not present in the dictionary.
   at System.Collections.Generic.Dictionary`2.get_Item(TKey key)
   at DRS_InSim.Form1.GetConnection(Byte PLID) in c:\Apps\DRS Race Manager\DRS InSim\DRS InSim\DRS InSim\Form1.cs:line 272
   at DRS_InSim.Form1.MultiCarInfo(InSim insim, IS_MCI mci) in c:\Apps\DRS Race Manager\DRS InSim\DRS InSim\DRS InSim\Form1.cs:line 623
2/22/2017 2:41:11 PM: MCI - Exception: System.Collections.Generic.KeyNotFoundException: The given key was not present in the dictionary.
   at System.Collections.Generic.Dictionary`2.get_Item(TKey key)
   at DRS_InSim.Form1.GetConnection(Byte PLID) in c:\Apps\DRS Race Manager\DRS InSim\DRS InSim\DRS InSim\Form1.cs:line 272
   at DRS_InSim.Form1.MultiCarInfo(InSim insim, IS_MCI mci) in c:\Apps\DRS Race Manager\DRS InSim\DRS InSim\DRS InSim\Form1.cs:line 623
2/22/2017 2:41:11 PM: MCI - Exception: System.Collections.Generic.KeyNotFoundException: The given key was not present in the dictionary.
   at System.Collections.Generic.Dictionary`2.get_Item(TKey key)
   at DRS_InSim.Form1.GetConnection(Byte PLID) in c:\Apps\DRS Race Manager\DRS InSim\DRS InSim\DRS InSim\Form1.cs:line 272
   at DRS_InSim.Form1.MultiCarInfo(InSim insim, IS_MCI mci) in c:\Apps\DRS Race Manager\DRS InSim\DRS InSim\DRS InSim\Form1.cs:line 623
2/22/2017 2:41:12 PM: MCI - Exception: System.Collections.Generic.KeyNotFoundException: The given key was not present in the dictionary.
   at System.Collections.Generic.Dictionary`2.get_Item(TKey key)
   at DRS_InSim.Form1.GetConnection(Byte PLID) in c:\Apps\DRS Race Manager\DRS InSim\DRS InSim\DRS InSim\Form1.cs:line 272
   at DRS_InSim.Form1.MultiCarInfo(InSim insim, IS_MCI mci) in c:\Apps\DRS Race Manager\DRS InSim\DRS InSim\DRS InSim\Form1.cs:line 623
2/22/2017 2:41:12 PM: MCI - Exception: System.Collections.Generic.KeyNotFoundException: The given key was not present in the dictionary.
   at System.Collections.Generic.Dictionary`2.get_Item(TKey key)
   at DRS_InSim.Form1.GetConnection(Byte PLID) in c:\Apps\DRS Race Manager\DRS InSim\DRS InSim\DRS InSim\Form1.cs:line 272
   at DRS_InSim.Form1.MultiCarInfo(InSim insim, IS_MCI mci) in c:\Apps\DRS Race Manager\DRS InSim\DRS InSim\DRS InSim\Form1.cs:line 623
2/22/2017 2:41:13 PM: MCI - Exception: System.Collections.Generic.KeyNotFoundException: The given key was not present in the dictionary.
   at System.Collections.Generic.Dictionary`2.get_Item(TKey key)
   at DRS_InSim.Form1.GetConnection(Byte PLID) in c:\Apps\DRS Race Manager\DRS InSim\DRS InSim\DRS InSim\Form1.cs:line 272
   at DRS_InSim.Form1.MultiCarInfo(InSim insim, IS_MCI mci) in c:\Apps\DRS Race Manager\DRS InSim\DRS InSim\DRS InSim\Form1.cs:line 623
2/22/2017 2:41:13 PM: MCI - Exception: System.Collections.Generic.KeyNotFoundException: The given key was not present in the dictionary.
   at System.Collections.Generic.Dictionary`2.get_Item(TKey key)
   at DRS_InSim.Form1.GetConnection(Byte PLID) in c:\Apps\DRS Race Manager\DRS InSim\DRS InSim\DRS InSim\Form1.cs:line 272
   at DRS_InSim.Form1.MultiCarInfo(InSim insim, IS_MCI mci) in c:\Apps\DRS Race Manager\DRS InSim\DRS InSim\DRS InSim\Form1.cs:line 623
2/22/2017 2:41:14 PM: MCI - Exception: System.Collections.Generic.KeyNotFoundException: The given key was not present in the dictionary.
   at System.Collections.Generic.Dictionary`2.get_Item(TKey key)
   at DRS_InSim.Form1.GetConnection(Byte PLID) in c:\Apps\DRS Race Manager\DRS InSim\DRS InSim\DRS InSim\Form1.cs:line 272
   at DRS_InSim.Form1.MultiCarInfo(InSim insim, IS_MCI mci) in c:\Apps\DRS Race Manager\DRS InSim\DRS InSim\DRS InSim\Form1.cs:line 623
2/22/2017 2:41:14 PM: MCI - Exception: System.Collections.Generic.KeyNotFoundException: The given key was not present in the dictionary.
   at System.Collections.Generic.Dictionary`2.get_Item(TKey key)
   at DRS_InSim.Form1.GetConnection(Byte PLID) in c:\Apps\DRS Race Manager\DRS InSim\DRS InSim\DRS InSim\Form1.cs:line 272
   at DRS_InSim.Form1.MultiCarInfo(InSim insim, IS_MCI mci) in c:\Apps\DRS Race Manager\DRS InSim\DRS InSim\DRS InSim\Form1.cs:line 623
2/22/2017 2:41:15 PM: MCI - Exception: System.Collections.Generic.KeyNotFoundException: The given key was not present in the dictionary.
   at System.Collections.Generic.Dictionary`2.get_Item(TKey key)
   at DRS_InSim.Form1.GetConnection(Byte PLID) in c:\Apps\DRS Race Manager\DRS InSim\DRS InSim\DRS InSim\Form1.cs:line 272
   at DRS_InSim.Form1.MultiCarInfo(InSim insim, IS_MCI mci) in c:\Apps\DRS Race Manager\DRS InSim\DRS InSim\DRS InSim\Form1.cs:line 623
2/22/2017 2:41:15 PM: MCI - Exception: System.Collections.Generic.KeyNotFoundException: The given key was not present in the dictionary.
   at System.Collections.Generic.Dictionary`2.get_Item(TKey key)
   at DRS_InSim.Form1.GetConnection(Byte PLID) in c:\Apps\DRS Race Manager\DRS InSim\DRS InSim\DRS InSim\Form1.cs:line 272
   at DRS_InSim.Form1.MultiCarInfo(InSim insim, IS_MCI mci) in c:\Apps\DRS Race Manager\DRS InSim\DRS InSim\DRS InSim\Form1.cs:line 623
2/22/2017 2:41:16 PM: MCI - Exception: System.Collections.Generic.KeyNotFoundException: The given key was not present in the dictionary.
   at System.Collections.Generic.Dictionary`2.get_Item(TKey key)
   at DRS_InSim.Form1.GetConnection(Byte PLID) in c:\Apps\DRS Race Manager\DRS InSim\DRS InSim\DRS InSim\Form1.cs:line 272
   at DRS_InSim.Form1.MultiCarInfo(InSim insim, IS_MCI mci) in c:\Apps\DRS Race Manager\DRS InSim\DRS InSim\DRS InSim\Form1.cs:line 623
2/22/2017 2:41:16 PM: MCI - Exception: System.Collections.Generic.KeyNotFoundException: The given key was not present in the dictionary.
   at System.Collections.Generic.Dictionary`2.get_Item(TKey key)
   at DRS_InSim.Form1.GetConnection(Byte PLID) in c:\Apps\DRS Race Manager\DRS InSim\DRS InSim\DRS InSim\Form1.cs:line 272
   at DRS_InSim.Form1.MultiCarInfo(InSim insim, IS_MCI mci) in c:\Apps\DRS Race Manager\DRS InSim\DRS InSim\DRS InSim\Form1.cs:line 623
2/22/2017 2:41:17 PM: MCI - Exception: System.Collections.Generic.KeyNotFoundException: The given key was not present in the dictionary.
   at System.Collections.Generic.Dictionary`2.get_Item(TKey key)
   at DRS_InSim.Form1.GetConnection(Byte PLID) in c:\Apps\DRS Race Manager\DRS InSim\DRS InSim\DRS InSim\Form1.cs:line 272
   at DRS_InSim.Form1.MultiCarInfo(InSim insim, IS_MCI mci) in c:\Apps\DRS Race Manager\DRS InSim\DRS InSim\DRS InSim\Form1.cs:line 623
2/22/2017 2:41:17 PM: MCI - Exception: System.Collections.Generic.KeyNotFoundException: The given key was not present in the dictionary.
   at System.Collections.Generic.Dictionary`2.get_Item(TKey key)
   at DRS_InSim.Form1.GetConnection(Byte PLID) in c:\Apps\DRS Race Manager\DRS InSim\DRS InSim\DRS InSim\Form1.cs:line 272
   at DRS_InSim.Form1.MultiCarInfo(InSim insim, IS_MCI mci) in c:\Apps\DRS Race Manager\DRS InSim\DRS InSim\DRS InSim\Form1.cs:line 623
2/22/2017 2:41:18 PM: MCI - Exception: System.Collections.Generic.KeyNotFoundException: The given key was not present in the dictionary.
   at System.Collections.Generic.Dictionary`2.get_Item(TKey key)
   at DRS_InSim.Form1.GetConnection(Byte PLID) in c:\Apps\DRS Race Manager\DRS InSim\DRS InSim\DRS InSim\Form1.cs:line 272
   at DRS_InSim.Form1.MultiCarInfo(InSim insim, IS_MCI mci) in c:\Apps\DRS Race Manager\DRS InSim\DRS InSim\DRS InSim\Form1.cs:line 623
2/22/2017 2:41:18 PM: MCI - Exception: System.Collections.Generic.KeyNotFoundException: The given key was not present in the dictionary.
   at System.Collections.Generic.Dictionary`2.get_Item(TKey key)
   at DRS_InSim.Form1.GetConnection(Byte PLID) in c:\Apps\DRS Race Manager\DRS InSim\DRS InSim\DRS InSim\Form1.cs:line 272
   at DRS_InSim.Form1.MultiCarInfo(InSim insim, IS_MCI mci) in c:\Apps\DRS Race Manager\DRS InSim\DRS InSim\DRS InSim\Form1.cs:line 623
2/22/2017 2:41:19 PM: MCI - Exception: System.Collections.Generic.KeyNotFoundException: The given key was not present in the dictionary.
   at System.Collections.Generic.Dictionary`2.get_Item(TKey key)
   at DRS_InSim.Form1.GetConnection(Byte PLID) in c:\Apps\DRS Race Manager\DRS InSim\DRS InSim\DRS InSim\Form1.cs:line 272
   at DRS_InSim.Form1.MultiCarInfo(InSim insim, IS_MCI mci) in c:\Apps\DRS Race Manager\DRS InSim\DRS InSim\DRS InSim\Form1.cs:line 623
2/22/2017 2:41:19 PM: MCI - Exception: System.Collections.Generic.KeyNotFoundException: The given key was not present in the dictionary.
   at System.Collections.Generic.Dictionary`2.get_Item(TKey key)
   at DRS_InSim.Form1.GetConnection(Byte PLID) in c:\Apps\DRS Race Manager\DRS InSim\DRS InSim\DRS InSim\Form1.cs:line 272
   at DRS_InSim.Form1.MultiCarInfo(InSim insim, IS_MCI mci) in c:\Apps\DRS Race Manager\DRS InSim\DRS InSim\DRS InSim\Form1.cs:line 623
2/22/2017 2:41:20 PM: MCI - Exception: System.Collections.Generic.KeyNotFoundException: The given key was not present in the dictionary.
   at System.Collections.Generic.Dictionary`2.get_Item(TKey key)
   at DRS_InSim.Form1.GetConnection(Byte PLID) in c:\Apps\DRS Race Manager\DRS InSim\DRS InSim\DRS InSim\Form1.cs:line 272
   at DRS_InSim.Form1.MultiCarInfo(InSim insim, IS_MCI mci) in c:\Apps\DRS Race Manager\DRS InSim\DRS InSim\DRS InSim\Form1.cs:line 623
2/22/2017 2:41:20 PM: MCI - Exception: System.Collections.Generic.KeyNotFoundException: The given key was not present in the dictionary.
   at System.Collections.Generic.Dictionary`2.get_Item(TKey key)
   at DRS_InSim.Form1.GetConnection(Byte PLID) in c:\Apps\DRS Race Manager\DRS InSim\DRS InSim\DRS InSim\Form1.cs:line 272
   at DRS_InSim.Form1.MultiCarInfo(InSim insim, IS_MCI mci) in c:\Apps\DRS Race Manager\DRS InSim\DRS InSim\DRS InSim\Form1.cs:line 623
2/22/2017 2:41:21 PM: MCI - Exception: System.Collections.Generic.KeyNotFoundException: The given key was not present in the dictionary.
   at System.Collections.Generic.Dictionary`2.get_Item(TKey key)
   at DRS_InSim.Form1.GetConnection(Byte PLID) in c:\Apps\DRS Race Manager\DRS InSim\DRS InSim\DRS InSim\Form1.cs:line 272
   at DRS_InSim.Form1.MultiCarInfo(InSim insim, IS_MCI mci) in c:\Apps\DRS Race Manager\DRS InSim\DRS InSim\DRS InSim\Form1.cs:line 623
2/22/2017 2:41:21 PM: MCI - Exception: System.Collections.Generic.KeyNotFoundException: The given key was not present in the dictionary.
   at System.Collections.Generic.Dictionary`2.get_Item(TKey key)
   at DRS_InSim.Form1.GetConnection(Byte PLID) in c:\Apps\DRS Race Manager\DRS InSim\DRS InSim\DRS InSim\Form1.cs:line 272
   at DRS_InSim.Form1.MultiCarInfo(InSim insim, IS_MCI mci) in c:\Apps\DRS Race Manager\DRS InSim\DRS InSim\DRS InSim\Form1.cs:line 623
2/22/2017 2:41:22 PM: MCI - Exception: System.Collections.Generic.KeyNotFoundException: The given key was not present in the dictionary.
   at System.Collections.Generic.Dictionary`2.get_Item(TKey key)
   at DRS_InSim.Form1.GetConnection(Byte PLID) in c:\Apps\DRS Race Manager\DRS InSim\DRS InSim\DRS InSim\Form1.cs:line 272
   at DRS_InSim.Form1.MultiCarInfo(InSim insim, IS_MCI mci) in c:\Apps\DRS Race Manager\DRS InSim\DRS InSim\DRS InSim\Form1.cs:line 623
2/22/2017 2:54:15 PM: CNL - Exception: System.Collections.Generic.KeyNotFoundException: The given key was not present in the dictionary.
   at System.Collections.Generic.Dictionary`2.get_Item(TKey key)
   at DRS_InSim.Form1.ConnectionLeave(InSim insim, IS_CNL CNL) in c:\Apps\DRS Race Manager\DRS InSim\DRS InSim\DRS InSim\Form1.cs:line 600
2/22/2017 2:54:47 PM: MCI - Exception: System.NullReferenceException: Object reference not set to an instance of an object.
   at DRS_InSim.Form1.MultiCarInfo(InSim insim, IS_MCI mci) in c:\Apps\DRS Race Manager\DRS InSim\DRS InSim\DRS InSim\Form1.cs:line 624
2/22/2017 2:54:48 PM: MCI - Exception: System.NullReferenceException: Object reference not set to an instance of an object.
   at DRS_InSim.Form1.MultiCarInfo(InSim insim, IS_MCI mci) in c:\Apps\DRS Race Manager\DRS InSim\DRS InSim\DRS InSim\Form1.cs:line 624
2/22/2017 2:55:44 PM: CNL - Exception: System.Collections.Generic.KeyNotFoundException: The given key was not present in the dictionary.
   at System.Collections.Generic.Dictionary`2.get_Item(TKey key)
   at DRS_InSim.Form1.ConnectionLeave(InSim insim, IS_CNL CNL) in c:\Apps\DRS Race Manager\DRS InSim\DRS InSim\DRS InSim\Form1.cs:line 600
2/22/2017 3:00:39 PM: MCI - Exception: System.NullReferenceException: Object reference not set to an instance of an object.
   at DRS_InSim.Form1.MultiCarInfo(InSim insim, IS_MCI mci) in c:\Apps\DRS Race Manager\DRS InSim\DRS InSim\DRS InSim\Form1.cs:line 624
2/22/2017 3:00:40 PM: MCI - Exception: System.NullReferenceException: Object reference not set to an instance of an object.
   at DRS_InSim.Form1.MultiCarInfo(InSim insim, IS_MCI mci) in c:\Apps\DRS Race Manager\DRS InSim\DRS InSim\DRS InSim\Form1.cs:line 624
2/22/2017 3:03:48 PM: CNL - Exception: System.Collections.Generic.KeyNotFoundException: The given key was not present in the dictionary.
   at System.Collections.Generic.Dictionary`2.get_Item(TKey key)
   at DRS_InSim.Form1.ConnectionLeave(InSim insim, IS_CNL CNL) in c:\Apps\DRS Race Manager\DRS InSim\DRS InSim\DRS InSim\Form1.cs:line 600
2/22/2017 3:03:59 PM: CNL - Exception: System.Collections.Generic.KeyNotFoundException: The given key was not present in the dictionary.
   at System.Collections.Generic.Dictionary`2.get_Item(TKey key)
   at DRS_InSim.Form1.ConnectionLeave(InSim insim, IS_CNL CNL) in c:\Apps\DRS Race Manager\DRS InSim\DRS InSim\DRS InSim\Form1.cs:line 600
2/22/2017 3:04:08 PM: CNL - Exception: System.Collections.Generic.KeyNotFoundException: The given key was not present in the dictionary.
   at System.Collections.Generic.Dictionary`2.get_Item(TKey key)
   at DRS_InSim.Form1.ConnectionLeave(InSim insim, IS_CNL CNL) in c:\Apps\DRS Race Manager\DRS InSim\DRS InSim\DRS InSim\Form1.cs:line 600
2/22/2017 3:14:59 PM: MCI - Exception: System.NullReferenceException: Object reference not set to an instance of an object.
   at DRS_InSim.Form1.MultiCarInfo(InSim insim, IS_MCI mci) in c:\Apps\DRS Race Manager\DRS InSim\DRS InSim\DRS InSim\Form1.cs:line 624
2/22/2017 3:14:59 PM: MCI - Exception: System.NullReferenceException: Object reference not set to an instance of an object.
   at DRS_InSim.Form1.MultiCarInfo(InSim insim, IS_MCI mci) in c:\Apps\DRS Race Manager\DRS InSim\DRS InSim\DRS InSim\Form1.cs:line 624
2/22/2017 3:22:24 PM: MCI - Exception: System.NullReferenceException: Object reference not set to an instance of an object.
   at DRS_InSim.Form1.MultiCarInfo(InSim insim, IS_MCI mci) in c:\Apps\DRS Race Manager\DRS InSim\DRS InSim\DRS InSim\Form1.cs:line 624
2/22/2017 3:22:36 PM: MCI - Exception: System.NullReferenceException: Object reference not set to an instance of an object.
   at DRS_InSim.Form1.MultiCarInfo(InSim insim, IS_MCI mci) in c:\Apps\DRS Race Manager\DRS InSim\DRS InSim\DRS InSim\Form1.cs:line 624
2/22/2017 3:27:10 PM: MCI - Exception: System.NullReferenceException: Object reference not set to an instance of an object.
   at DRS_InSim.Form1.MultiCarInfo(InSim insim, IS_MCI mci) in c:\Apps\DRS Race Manager\DRS InSim\DRS InSim\DRS InSim\Form1.cs:line 624
2/22/2017 3:27:11 PM: MCI - Exception: System.NullReferenceException: Object reference not set to an instance of an object.
   at DRS_InSim.Form1.MultiCarInfo(InSim insim, IS_MCI mci) in c:\Apps\DRS Race Manager\DRS InSim\DRS InSim\DRS InSim\Form1.cs:line 624
2/22/2017 3:53:00 PM: MCI - Exception: System.NullReferenceException: Object reference not set to an instance of an object.
   at DRS_InSim.Form1.MultiCarInfo(InSim insim, IS_MCI mci) in c:\Apps\DRS Race Manager\DRS InSim\DRS InSim\DRS InSim\Form1.cs:line 624
2/22/2017 4:06:32 PM: MCI - Exception: System.NullReferenceException: Object reference not set to an instance of an object.
   at DRS_InSim.Form1.MultiCarInfo(InSim insim, IS_MCI mci) in c:\Apps\DRS Race Manager\DRS InSim\DRS InSim\DRS InSim\Form1.cs:line 624
2/22/2017 4:06:47 PM: MCI - Exception: System.NullReferenceException: Object reference not set to an instance of an object.
   at DRS_InSim.Form1.MultiCarInfo(InSim insim, IS_MCI mci) in c:\Apps\DRS Race Manager\DRS InSim\DRS InSim\DRS InSim\Form1.cs:line 624
2/22/2017 4:06:48 PM: MCI - Exception: System.NullReferenceException: Object reference not set to an instance of an object.
   at DRS_InSim.Form1.MultiCarInfo(InSim insim, IS_MCI mci) in c:\Apps\DRS Race Manager\DRS InSim\DRS InSim\DRS InSim\Form1.cs:line 624
2/22/2017 4:09:39 PM: MCI - Exception: System.NullReferenceException: Object reference not set to an instance of an object.
   at DRS_InSim.Form1.MultiCarInfo(InSim insim, IS_MCI mci) in c:\Apps\DRS Race Manager\DRS InSim\DRS InSim\DRS InSim\Form1.cs:line 624
2/22/2017 4:09:40 PM: MCI - Exception: System.NullReferenceException: Object reference not set to an instance of an object.
   at DRS_InSim.Form1.MultiCarInfo(InSim insim, IS_MCI mci) in c:\Apps\DRS Race Manager\DRS InSim\DRS InSim\DRS InSim\Form1.cs:line 624
2/22/2017 4:10:35 PM: MCI - Exception: System.NullReferenceException: Object reference not set to an instance of an object.
   at DRS_InSim.Form1.MultiCarInfo(InSim insim, IS_MCI mci) in c:\Apps\DRS Race Manager\DRS InSim\DRS InSim\DRS InSim\Form1.cs:line 624
2/22/2017 4:10:35 PM: MCI - Exception: System.NullReferenceException: Object reference not set to an instance of an object.
   at DRS_InSim.Form1.MultiCarInfo(InSim insim, IS_MCI mci) in c:\Apps\DRS Race Manager\DRS InSim\DRS InSim\DRS InSim\Form1.cs:line 624
2/22/2017 4:21:32 PM: MCI - Exception: System.NullReferenceException: Object reference not set to an instance of an object.
   at DRS_InSim.Form1.MultiCarInfo(InSim insim, IS_MCI mci) in c:\Apps\DRS Race Manager\DRS InSim\DRS InSim\DRS InSim\Form1.cs:line 624
